[     679ms] [INFO] %cDownload the React DevTools for a better development experience: https://reactjs.org/link/react-devtools font-weight:bold @ https://static.rocket.new/rocket-web.js?_cfg=https%3A%2F%2Feliteesta3586back.builtwithrocket.new&_be=https%3A%2F%2Fapplication.rocket.new&_v=0.1.10:0
[     937ms] [ERROR] Access to fetch at 'https://application.rocket.new/preview/v1/track' from origin 'https://srievaareestates.com' has been blocked by CORS policy: Response to preflight request doesn't pass access control check: No 'Access-Control-Allow-Origin' header is present on the requested resource. @ https://srievaareestates.com/search-results:0
[     938ms] [ERROR] Failed to load resource: net::ERR_FAILED @ https://application.rocket.new/preview/v1/track:0
[    4788ms] [ERROR] Access to fetch at 'https://application.rocket.new/preview/v1/track' from origin 'https://srievaareestates.com' has been blocked by CORS policy: Response to preflight request doesn't pass access control check: No 'Access-Control-Allow-Origin' header is present on the requested resource. @ https://srievaareestates.com/search-results:0
[    4788ms] [ERROR] Failed to load resource: net::ERR_FAILED @ https://application.rocket.new/preview/v1/track:0
[    5324ms] [LOG] properties [] @ https://static.rocket.new/rocket-web.js?_cfg=https%3A%2F%2Feliteesta3586back.builtwithrocket.new&_be=https%3A%2F%2Fapplication.rocket.new&_v=0.1.10:0
[    5325ms] [LOG] properties [] @ https://static.rocket.new/rocket-web.js?_cfg=https%3A%2F%2Feliteesta3586back.builtwithrocket.new&_be=https%3A%2F%2Fapplication.rocket.new&_v=0.1.10:0
[    5444ms] [ERROR] Warning: Using UNSAFE_componentWillMount in strict mode is not recommended and may indicate bugs in your code. See https://reactjs.org/link/unsafe-component-lifecycles for details.

* Move code with side effects to componentDidMount, and set initial state in the constructor.

Please update the following components: %s SideEffect(NullComponent2) @ https://static.rocket.new/rocket-web.js?_cfg=https%3A%2F%2Feliteesta3586back.builtwithrocket.new&_be=https%3A%2F%2Fapplication.rocket.new&_v=0.1.10:0
[    5774ms] [LOG] datadata {status: 200, message: Active properties fetched successfully, data: Array(5)} @ https://static.rocket.new/rocket-web.js?_cfg=https%3A%2F%2Feliteesta3586back.builtwithrocket.new&_be=https%3A%2F%2Fapplication.rocket.new&_v=0.1.10:0
[    5775ms] [LOG] properties [Object, Object, Object, Object, Object] @ https://static.rocket.new/rocket-web.js?_cfg=https%3A%2F%2Feliteesta3586back.builtwithrocket.new&_be=https%3A%2F%2Fapplication.rocket.new&_v=0.1.10:0
[    5776ms] [LOG] properties [Object, Object, Object, Object, Object] @ https://static.rocket.new/rocket-web.js?_cfg=https%3A%2F%2Feliteesta3586back.builtwithrocket.new&_be=https%3A%2F%2Fapplication.rocket.new&_v=0.1.10:0
[    5805ms] [LOG] datadata {status: 200, message: Active properties fetched successfully, data: Array(5)} @ https://static.rocket.new/rocket-web.js?_cfg=https%3A%2F%2Feliteesta3586back.builtwithrocket.new&_be=https%3A%2F%2Fapplication.rocket.new&_v=0.1.10:0
[    5805ms] [LOG] properties [Object, Object, Object, Object, Object] @ https://static.rocket.new/rocket-web.js?_cfg=https%3A%2F%2Feliteesta3586back.builtwithrocket.new&_be=https%3A%2F%2Fapplication.rocket.new&_v=0.1.10:0
[    5806ms] [LOG] properties [Object, Object, Object, Object, Object] @ https://static.rocket.new/rocket-web.js?_cfg=https%3A%2F%2Feliteesta3586back.builtwithrocket.new&_be=https%3A%2F%2Fapplication.rocket.new&_v=0.1.10:0
[   25190ms] [LOG] properties [Object, Object, Object, Object, Object] @ https://static.rocket.new/rocket-web.js?_cfg=https%3A%2F%2Feliteesta3586back.builtwithrocket.new&_be=https%3A%2F%2Fapplication.rocket.new&_v=0.1.10:0
[   25190ms] [LOG] properties [Object, Object, Object, Object, Object] @ https://static.rocket.new/rocket-web.js?_cfg=https%3A%2F%2Feliteesta3586back.builtwithrocket.new&_be=https%3A%2F%2Fapplication.rocket.new&_v=0.1.10:0
[   25207ms] [LOG] properties [Object, Object, Object, Object, Object] @ https://static.rocket.new/rocket-web.js?_cfg=https%3A%2F%2Feliteesta3586back.builtwithrocket.new&_be=https%3A%2F%2Fapplication.rocket.new&_v=0.1.10:0
[   25208ms] [LOG] properties [Object, Object, Object, Object, Object] @ https://static.rocket.new/rocket-web.js?_cfg=https%3A%2F%2Feliteesta3586back.builtwithrocket.new&_be=https%3A%2F%2Fapplication.rocket.new&_v=0.1.10:0
[   25223ms] [LOG] properties [Object, Object, Object, Object, Object] @ https://static.rocket.new/rocket-web.js?_cfg=https%3A%2F%2Feliteesta3586back.builtwithrocket.new&_be=https%3A%2F%2Fapplication.rocket.new&_v=0.1.10:0
[   25224ms] [LOG] properties [Object, Object, Object, Object, Object] @ https://static.rocket.new/rocket-web.js?_cfg=https%3A%2F%2Feliteesta3586back.builtwithrocket.new&_be=https%3A%2F%2Fapplication.rocket.new&_v=0.1.10:0
[   25263ms] [LOG] properties [Object, Object, Object, Object, Object] @ https://static.rocket.new/rocket-web.js?_cfg=https%3A%2F%2Feliteesta3586back.builtwithrocket.new&_be=https%3A%2F%2Fapplication.rocket.new&_v=0.1.10:0
[   25264ms] [LOG] properties [Object, Object, Object, Object, Object] @ https://static.rocket.new/rocket-web.js?_cfg=https%3A%2F%2Feliteesta3586back.builtwithrocket.new&_be=https%3A%2F%2Fapplication.rocket.new&_v=0.1.10:0
[   25273ms] [LOG] properties [Object, Object, Object, Object, Object] @ https://static.rocket.new/rocket-web.js?_cfg=https%3A%2F%2Feliteesta3586back.builtwithrocket.new&_be=https%3A%2F%2Fapplication.rocket.new&_v=0.1.10:0
[   25274ms] [LOG] properties [Object, Object, Object, Object, Object] @ https://static.rocket.new/rocket-web.js?_cfg=https%3A%2F%2Feliteesta3586back.builtwithrocket.new&_be=https%3A%2F%2Fapplication.rocket.new&_v=0.1.10:0
[   25290ms] [LOG] properties [Object, Object, Object, Object, Object] @ https://static.rocket.new/rocket-web.js?_cfg=https%3A%2F%2Feliteesta3586back.builtwithrocket.new&_be=https%3A%2F%2Fapplication.rocket.new&_v=0.1.10:0
[   25290ms] [LOG] properties [Object, Object, Object, Object, Object] @ https://static.rocket.new/rocket-web.js?_cfg=https%3A%2F%2Feliteesta3586back.builtwithrocket.new&_be=https%3A%2F%2Fapplication.rocket.new&_v=0.1.10:0
[   25306ms] [LOG] properties [Object, Object, Object, Object, Object] @ https://static.rocket.new/rocket-web.js?_cfg=https%3A%2F%2Feliteesta3586back.builtwithrocket.new&_be=https%3A%2F%2Fapplication.rocket.new&_v=0.1.10:0
[   25307ms] [LOG] properties [Object, Object, Object, Object, Object] @ https://static.rocket.new/rocket-web.js?_cfg=https%3A%2F%2Feliteesta3586back.builtwithrocket.new&_be=https%3A%2F%2Fapplication.rocket.new&_v=0.1.10:0
[   25323ms] [LOG] properties [Object, Object, Object, Object, Object] @ https://static.rocket.new/rocket-web.js?_cfg=https%3A%2F%2Feliteesta3586back.builtwithrocket.new&_be=https%3A%2F%2Fapplication.rocket.new&_v=0.1.10:0
[   25324ms] [LOG] properties [Object, Object, Object, Object, Object] @ https://static.rocket.new/rocket-web.js?_cfg=https%3A%2F%2Feliteesta3586back.builtwithrocket.new&_be=https%3A%2F%2Fapplication.rocket.new&_v=0.1.10:0
[   25340ms] [LOG] properties [Object, Object, Object, Object, Object] @ https://static.rocket.new/rocket-web.js?_cfg=https%3A%2F%2Feliteesta3586back.builtwithrocket.new&_be=https%3A%2F%2Fapplication.rocket.new&_v=0.1.10:0
[   25340ms] [LOG] properties [Object, Object, Object, Object, Object] @ https://static.rocket.new/rocket-web.js?_cfg=https%3A%2F%2Feliteesta3586back.builtwithrocket.new&_be=https%3A%2F%2Fapplication.rocket.new&_v=0.1.10:0
[   25357ms] [LOG] properties [Object, Object, Object, Object, Object] @ https://static.rocket.new/rocket-web.js?_cfg=https%3A%2F%2Feliteesta3586back.builtwithrocket.new&_be=https%3A%2F%2Fapplication.rocket.new&_v=0.1.10:0
[   25357ms] [LOG] properties [Object, Object, Object, Object, Object] @ https://static.rocket.new/rocket-web.js?_cfg=https%3A%2F%2Feliteesta3586back.builtwithrocket.new&_be=https%3A%2F%2Fapplication.rocket.new&_v=0.1.10:0
[   25373ms] [LOG] properties [Object, Object, Object, Object, Object] @ https://static.rocket.new/rocket-web.js?_cfg=https%3A%2F%2Feliteesta3586back.builtwithrocket.new&_be=https%3A%2F%2Fapplication.rocket.new&_v=0.1.10:0
[   25373ms] [LOG] properties [Object, Object, Object, Object, Object] @ https://static.rocket.new/rocket-web.js?_cfg=https%3A%2F%2Feliteesta3586back.builtwithrocket.new&_be=https%3A%2F%2Fapplication.rocket.new&_v=0.1.10:0
[   25390ms] [LOG] properties [Object, Object, Object, Object, Object] @ https://static.rocket.new/rocket-web.js?_cfg=https%3A%2F%2Feliteesta3586back.builtwithrocket.new&_be=https%3A%2F%2Fapplication.rocket.new&_v=0.1.10:0
[   25390ms] [LOG] properties [Object, Object, Object, Object, Object] @ https://static.rocket.new/rocket-web.js?_cfg=https%3A%2F%2Feliteesta3586back.builtwithrocket.new&_be=https%3A%2F%2Fapplication.rocket.new&_v=0.1.10:0
[   25406ms] [LOG] properties [Object, Object, Object, Object, Object] @ https://static.rocket.new/rocket-web.js?_cfg=https%3A%2F%2Feliteesta3586back.builtwithrocket.new&_be=https%3A%2F%2Fapplication.rocket.new&_v=0.1.10:0
[   25407ms] [LOG] properties [Object, Object, Object, Object, Object] @ https://static.rocket.new/rocket-web.js?_cfg=https%3A%2F%2Feliteesta3586back.builtwithrocket.new&_be=https%3A%2F%2Fapplication.rocket.new&_v=0.1.10:0
[   25423ms] [LOG] properties [Object, Object, Object, Object, Object] @ https://static.rocket.new/rocket-web.js?_cfg=https%3A%2F%2Feliteesta3586back.builtwithrocket.new&_be=https%3A%2F%2Fapplication.rocket.new&_v=0.1.10:0
[   25423ms] [LOG] properties [Object, Object, Object, Object, Object] @ https://static.rocket.new/rocket-web.js?_cfg=https%3A%2F%2Feliteesta3586back.builtwithrocket.new&_be=https%3A%2F%2Fapplication.rocket.new&_v=0.1.10:0
[   25440ms] [LOG] properties [Object, Object, Object, Object, Object] @ https://static.rocket.new/rocket-web.js?_cfg=https%3A%2F%2Feliteesta3586back.builtwithrocket.new&_be=https%3A%2F%2Fapplication.rocket.new&_v=0.1.10:0
[   25441ms] [LOG] properties [Object, Object, Object, Object, Object] @ https://static.rocket.new/rocket-web.js?_cfg=https%3A%2F%2Feliteesta3586back.builtwithrocket.new&_be=https%3A%2F%2Fapplication.rocket.new&_v=0.1.10:0
[   25456ms] [LOG] properties [Object, Object, Object, Object, Object] @ https://static.rocket.new/rocket-web.js?_cfg=https%3A%2F%2Feliteesta3586back.builtwithrocket.new&_be=https%3A%2F%2Fapplication.rocket.new&_v=0.1.10:0
[   25457ms] [LOG] properties [Object, Object, Object, Object, Object] @ https://static.rocket.new/rocket-web.js?_cfg=https%3A%2F%2Feliteesta3586back.builtwithrocket.new&_be=https%3A%2F%2Fapplication.rocket.new&_v=0.1.10:0
[   25474ms] [LOG] properties [Object, Object, Object, Object, Object] @ https://static.rocket.new/rocket-web.js?_cfg=https%3A%2F%2Feliteesta3586back.builtwithrocket.new&_be=https%3A%2F%2Fapplication.rocket.new&_v=0.1.10:0
[   25474ms] [LOG] properties [Object, Object, Object, Object, Object] @ https://static.rocket.new/rocket-web.js?_cfg=https%3A%2F%2Feliteesta3586back.builtwithrocket.new&_be=https%3A%2F%2Fapplication.rocket.new&_v=0.1.10:0
[   25490ms] [LOG] properties [Object, Object, Object, Object, Object] @ https://static.rocket.new/rocket-web.js?_cfg=https%3A%2F%2Feliteesta3586back.builtwithrocket.new&_be=https%3A%2F%2Fapplication.rocket.new&_v=0.1.10:0
[   25490ms] [LOG] properties [Object, Object, Object, Object, Object] @ https://static.rocket.new/rocket-web.js?_cfg=https%3A%2F%2Feliteesta3586back.builtwithrocket.new&_be=https%3A%2F%2Fapplication.rocket.new&_v=0.1.10:0
[   25506ms] [LOG] properties [Object, Object, Object, Object, Object] @ https://static.rocket.new/rocket-web.js?_cfg=https%3A%2F%2Feliteesta3586back.builtwithrocket.new&_be=https%3A%2F%2Fapplication.rocket.new&_v=0.1.10:0
[   25507ms] [LOG] properties [Object, Object, Object, Object, Object] @ https://static.rocket.new/rocket-web.js?_cfg=https%3A%2F%2Feliteesta3586back.builtwithrocket.new&_be=https%3A%2F%2Fapplication.rocket.new&_v=0.1.10:0
[   25523ms] [LOG] properties [Object, Object, Object, Object, Object] @ https://static.rocket.new/rocket-web.js?_cfg=https%3A%2F%2Feliteesta3586back.builtwithrocket.new&_be=https%3A%2F%2Fapplication.rocket.new&_v=0.1.10:0
[   25524ms] [LOG] properties [Object, Object, Object, Object, Object] @ https://static.rocket.new/rocket-web.js?_cfg=https%3A%2F%2Feliteesta3586back.builtwithrocket.new&_be=https%3A%2F%2Fapplication.rocket.new&_v=0.1.10:0
[   25540ms] [LOG] properties [Object, Object, Object, Object, Object] @ https://static.rocket.new/rocket-web.js?_cfg=https%3A%2F%2Feliteesta3586back.builtwithrocket.new&_be=https%3A%2F%2Fapplication.rocket.new&_v=0.1.10:0
[   25541ms] [LOG] properties [Object, Object, Object, Object, Object] @ https://static.rocket.new/rocket-web.js?_cfg=https%3A%2F%2Feliteesta3586back.builtwithrocket.new&_be=https%3A%2F%2Fapplication.rocket.new&_v=0.1.10:0
[   25557ms] [LOG] properties [Object, Object, Object, Object, Object] @ https://static.rocket.new/rocket-web.js?_cfg=https%3A%2F%2Feliteesta3586back.builtwithrocket.new&_be=https%3A%2F%2Fapplication.rocket.new&_v=0.1.10:0
[   25557ms] [LOG] properties [Object, Object, Object, Object, Object] @ https://static.rocket.new/rocket-web.js?_cfg=https%3A%2F%2Feliteesta3586back.builtwithrocket.new&_be=https%3A%2F%2Fapplication.rocket.new&_v=0.1.10:0
[   25573ms] [LOG] properties [Object, Object, Object, Object, Object] @ https://static.rocket.new/rocket-web.js?_cfg=https%3A%2F%2Feliteesta3586back.builtwithrocket.new&_be=https%3A%2F%2Fapplication.rocket.new&_v=0.1.10:0
[   25574ms] [LOG] properties [Object, Object, Object, Object, Object] @ https://static.rocket.new/rocket-web.js?_cfg=https%3A%2F%2Feliteesta3586back.builtwithrocket.new&_be=https%3A%2F%2Fapplication.rocket.new&_v=0.1.10:0
[   25590ms] [LOG] properties [Object, Object, Object, Object, Object] @ https://static.rocket.new/rocket-web.js?_cfg=https%3A%2F%2Feliteesta3586back.builtwithrocket.new&_be=https%3A%2F%2Fapplication.rocket.new&_v=0.1.10:0
[   25590ms] [LOG] properties [Object, Object, Object, Object, Object] @ https://static.rocket.new/rocket-web.js?_cfg=https%3A%2F%2Feliteesta3586back.builtwithrocket.new&_be=https%3A%2F%2Fapplication.rocket.new&_v=0.1.10:0
[   25606ms] [LOG] properties [Object, Object, Object, Object, Object] @ https://static.rocket.new/rocket-web.js?_cfg=https%3A%2F%2Feliteesta3586back.builtwithrocket.new&_be=https%3A%2F%2Fapplication.rocket.new&_v=0.1.10:0
[   25607ms] [LOG] properties [Object, Object, Object, Object, Object] @ https://static.rocket.new/rocket-web.js?_cfg=https%3A%2F%2Feliteesta3586back.builtwithrocket.new&_be=https%3A%2F%2Fapplication.rocket.new&_v=0.1.10:0
[   25623ms] [LOG] properties [Object, Object, Object, Object, Object] @ https://static.rocket.new/rocket-web.js?_cfg=https%3A%2F%2Feliteesta3586back.builtwithrocket.new&_be=https%3A%2F%2Fapplication.rocket.new&_v=0.1.10:0
[   25624ms] [LOG] properties [Object, Object, Object, Object, Object] @ https://static.rocket.new/rocket-web.js?_cfg=https%3A%2F%2Feliteesta3586back.builtwithrocket.new&_be=https%3A%2F%2Fapplication.rocket.new&_v=0.1.10:0
[   25640ms] [LOG] properties [Object, Object, Object, Object, Object] @ https://static.rocket.new/rocket-web.js?_cfg=https%3A%2F%2Feliteesta3586back.builtwithrocket.new&_be=https%3A%2F%2Fapplication.rocket.new&_v=0.1.10:0
[   25640ms] [LOG] properties [Object, Object, Object, Object, Object] @ https://static.rocket.new/rocket-web.js?_cfg=https%3A%2F%2Feliteesta3586back.builtwithrocket.new&_be=https%3A%2F%2Fapplication.rocket.new&_v=0.1.10:0
[   25657ms] [LOG] properties [Object, Object, Object, Object, Object] @ https://static.rocket.new/rocket-web.js?_cfg=https%3A%2F%2Feliteesta3586back.builtwithrocket.new&_be=https%3A%2F%2Fapplication.rocket.new&_v=0.1.10:0
[   25657ms] [LOG] properties [Object, Object, Object, Object, Object] @ https://static.rocket.new/rocket-web.js?_cfg=https%3A%2F%2Feliteesta3586back.builtwithrocket.new&_be=https%3A%2F%2Fapplication.rocket.new&_v=0.1.10:0
[   25673ms] [LOG] properties [Object, Object, Object, Object, Object] @ https://static.rocket.new/rocket-web.js?_cfg=https%3A%2F%2Feliteesta3586back.builtwithrocket.new&_be=https%3A%2F%2Fapplication.rocket.new&_v=0.1.10:0
[   25674ms] [LOG] properties [Object, Object, Object, Object, Object] @ https://static.rocket.new/rocket-web.js?_cfg=https%3A%2F%2Feliteesta3586back.builtwithrocket.new&_be=https%3A%2F%2Fapplication.rocket.new&_v=0.1.10:0
[   25690ms] [LOG] properties [Object, Object, Object, Object, Object] @ https://static.rocket.new/rocket-web.js?_cfg=https%3A%2F%2Feliteesta3586back.builtwithrocket.new&_be=https%3A%2F%2Fapplication.rocket.new&_v=0.1.10:0
[   25690ms] [LOG] properties [Object, Object, Object, Object, Object] @ https://static.rocket.new/rocket-web.js?_cfg=https%3A%2F%2Feliteesta3586back.builtwithrocket.new&_be=https%3A%2F%2Fapplication.rocket.new&_v=0.1.10:0
[   25707ms] [LOG] properties [Object, Object, Object, Object, Object] @ https://static.rocket.new/rocket-web.js?_cfg=https%3A%2F%2Feliteesta3586back.builtwithrocket.new&_be=https%3A%2F%2Fapplication.rocket.new&_v=0.1.10:0
[   25707ms] [LOG] properties [Object, Object, Object, Object, Object] @ https://static.rocket.new/rocket-web.js?_cfg=https%3A%2F%2Feliteesta3586back.builtwithrocket.new&_be=https%3A%2F%2Fapplication.rocket.new&_v=0.1.10:0
[   25723ms] [LOG] properties [Object, Object, Object, Object, Object] @ https://static.rocket.new/rocket-web.js?_cfg=https%3A%2F%2Feliteesta3586back.builtwithrocket.new&_be=https%3A%2F%2Fapplication.rocket.new&_v=0.1.10:0
[   25724ms] [LOG] properties [Object, Object, Object, Object, Object] @ https://static.rocket.new/rocket-web.js?_cfg=https%3A%2F%2Feliteesta3586back.builtwithrocket.new&_be=https%3A%2F%2Fapplication.rocket.new&_v=0.1.10:0
[   25740ms] [LOG] properties [Object, Object, Object, Object, Object] @ https://static.rocket.new/rocket-web.js?_cfg=https%3A%2F%2Feliteesta3586back.builtwithrocket.new&_be=https%3A%2F%2Fapplication.rocket.new&_v=0.1.10:0
[   25741ms] [LOG] properties [Object, Object, Object, Object, Object] @ https://static.rocket.new/rocket-web.js?_cfg=https%3A%2F%2Feliteesta3586back.builtwithrocket.new&_be=https%3A%2F%2Fapplication.rocket.new&_v=0.1.10:0
[   25757ms] [LOG] properties [Object, Object, Object, Object, Object] @ https://static.rocket.new/rocket-web.js?_cfg=https%3A%2F%2Feliteesta3586back.builtwithrocket.new&_be=https%3A%2F%2Fapplication.rocket.new&_v=0.1.10:0
[   25757ms] [LOG] properties [Object, Object, Object, Object, Object] @ https://static.rocket.new/rocket-web.js?_cfg=https%3A%2F%2Feliteesta3586back.builtwithrocket.new&_be=https%3A%2F%2Fapplication.rocket.new&_v=0.1.10:0
[   25773ms] [LOG] properties [Object, Object, Object, Object, Object] @ https://static.rocket.new/rocket-web.js?_cfg=https%3A%2F%2Feliteesta3586back.builtwithrocket.new&_be=https%3A%2F%2Fapplication.rocket.new&_v=0.1.10:0
[   25774ms] [LOG] properties [Object, Object, Object, Object, Object] @ https://static.rocket.new/rocket-web.js?_cfg=https%3A%2F%2Feliteesta3586back.builtwithrocket.new&_be=https%3A%2F%2Fapplication.rocket.new&_v=0.1.10:0
[   25790ms] [LOG] properties [Object, Object, Object, Object, Object] @ https://static.rocket.new/rocket-web.js?_cfg=https%3A%2F%2Feliteesta3586back.builtwithrocket.new&_be=https%3A%2F%2Fapplication.rocket.new&_v=0.1.10:0
[   25790ms] [LOG] properties [Object, Object, Object, Object, Object] @ https://static.rocket.new/rocket-web.js?_cfg=https%3A%2F%2Feliteesta3586back.builtwithrocket.new&_be=https%3A%2F%2Fapplication.rocket.new&_v=0.1.10:0
[   25806ms] [LOG] properties [Object, Object, Object, Object, Object] @ https://static.rocket.new/rocket-web.js?_cfg=https%3A%2F%2Feliteesta3586back.builtwithrocket.new&_be=https%3A%2F%2Fapplication.rocket.new&_v=0.1.10:0
[   25807ms] [LOG] properties [Object, Object, Object, Object, Object] @ https://static.rocket.new/rocket-web.js?_cfg=https%3A%2F%2Feliteesta3586back.builtwithrocket.new&_be=https%3A%2F%2Fapplication.rocket.new&_v=0.1.10:0
[   25823ms] [LOG] properties [Object, Object, Object, Object, Object] @ https://static.rocket.new/rocket-web.js?_cfg=https%3A%2F%2Feliteesta3586back.builtwithrocket.new&_be=https%3A%2F%2Fapplication.rocket.new&_v=0.1.10:0
[   25823ms] [LOG] properties [Object, Object, Object, Object, Object] @ https://static.rocket.new/rocket-web.js?_cfg=https%3A%2F%2Feliteesta3586back.builtwithrocket.new&_be=https%3A%2F%2Fapplication.rocket.new&_v=0.1.10:0
[   25840ms] [LOG] properties [Object, Object, Object, Object, Object] @ https://static.rocket.new/rocket-web.js?_cfg=https%3A%2F%2Feliteesta3586back.builtwithrocket.new&_be=https%3A%2F%2Fapplication.rocket.new&_v=0.1.10:0
[   25841ms] [LOG] properties [Object, Object, Object, Object, Object] @ https://static.rocket.new/rocket-web.js?_cfg=https%3A%2F%2Feliteesta3586back.builtwithrocket.new&_be=https%3A%2F%2Fapplication.rocket.new&_v=0.1.10:0
[   25858ms] [LOG] properties [Object, Object, Object, Object, Object] @ https://static.rocket.new/rocket-web.js?_cfg=https%3A%2F%2Feliteesta3586back.builtwithrocket.new&_be=https%3A%2F%2Fapplication.rocket.new&_v=0.1.10:0
[   25858ms] [LOG] properties [Object, Object, Object, Object, Object] @ https://static.rocket.new/rocket-web.js?_cfg=https%3A%2F%2Feliteesta3586back.builtwithrocket.new&_be=https%3A%2F%2Fapplication.rocket.new&_v=0.1.10:0
[   25874ms] [LOG] properties [Object, Object, Object, Object, Object] @ https://static.rocket.new/rocket-web.js?_cfg=https%3A%2F%2Feliteesta3586back.builtwithrocket.new&_be=https%3A%2F%2Fapplication.rocket.new&_v=0.1.10:0
[   25874ms] [LOG] properties [Object, Object, Object, Object, Object] @ https://static.rocket.new/rocket-web.js?_cfg=https%3A%2F%2Feliteesta3586back.builtwithrocket.new&_be=https%3A%2F%2Fapplication.rocket.new&_v=0.1.10:0
[   25891ms] [LOG] properties [Object, Object, Object, Object, Object] @ https://static.rocket.new/rocket-web.js?_cfg=https%3A%2F%2Feliteesta3586back.builtwithrocket.new&_be=https%3A%2F%2Fapplication.rocket.new&_v=0.1.10:0
[   25891ms] [LOG] properties [Object, Object, Object, Object, Object] @ https://static.rocket.new/rocket-web.js?_cfg=https%3A%2F%2Feliteesta3586back.builtwithrocket.new&_be=https%3A%2F%2Fapplication.rocket.new&_v=0.1.10:0
[   25907ms] [LOG] properties [Object, Object, Object, Object, Object] @ https://static.rocket.new/rocket-web.js?_cfg=https%3A%2F%2Feliteesta3586back.builtwithrocket.new&_be=https%3A%2F%2Fapplication.rocket.new&_v=0.1.10:0
[   25907ms] [LOG] properties [Object, Object, Object, Object, Object] @ https://static.rocket.new/rocket-web.js?_cfg=https%3A%2F%2Feliteesta3586back.builtwithrocket.new&_be=https%3A%2F%2Fapplication.rocket.new&_v=0.1.10:0
[   25923ms] [LOG] properties [Object, Object, Object, Object, Object] @ https://static.rocket.new/rocket-web.js?_cfg=https%3A%2F%2Feliteesta3586back.builtwithrocket.new&_be=https%3A%2F%2Fapplication.rocket.new&_v=0.1.10:0
[   25924ms] [LOG] properties [Object, Object, Object, Object, Object] @ https://static.rocket.new/rocket-web.js?_cfg=https%3A%2F%2Feliteesta3586back.builtwithrocket.new&_be=https%3A%2F%2Fapplication.rocket.new&_v=0.1.10:0
[   25940ms] [LOG] properties [Object, Object, Object, Object, Object] @ https://static.rocket.new/rocket-web.js?_cfg=https%3A%2F%2Feliteesta3586back.builtwithrocket.new&_be=https%3A%2F%2Fapplication.rocket.new&_v=0.1.10:0
[   25940ms] [LOG] properties [Object, Object, Object, Object, Object] @ https://static.rocket.new/rocket-web.js?_cfg=https%3A%2F%2Feliteesta3586back.builtwithrocket.new&_be=https%3A%2F%2Fapplication.rocket.new&_v=0.1.10:0
[   25957ms] [LOG] properties [Object, Object, Object, Object, Object] @ https://static.rocket.new/rocket-web.js?_cfg=https%3A%2F%2Feliteesta3586back.builtwithrocket.new&_be=https%3A%2F%2Fapplication.rocket.new&_v=0.1.10:0
[   25957ms] [LOG] properties [Object, Object, Object, Object, Object] @ https://static.rocket.new/rocket-web.js?_cfg=https%3A%2F%2Feliteesta3586back.builtwithrocket.new&_be=https%3A%2F%2Fapplication.rocket.new&_v=0.1.10:0
[   25974ms] [LOG] properties [Object, Object, Object, Object, Object] @ https://static.rocket.new/rocket-web.js?_cfg=https%3A%2F%2Feliteesta3586back.builtwithrocket.new&_be=https%3A%2F%2Fapplication.rocket.new&_v=0.1.10:0
[   25974ms] [LOG] properties [Object, Object, Object, Object, Object] @ https://static.rocket.new/rocket-web.js?_cfg=https%3A%2F%2Feliteesta3586back.builtwithrocket.new&_be=https%3A%2F%2Fapplication.rocket.new&_v=0.1.10:0
[   25990ms] [LOG] properties [Object, Object, Object, Object, Object] @ https://static.rocket.new/rocket-web.js?_cfg=https%3A%2F%2Feliteesta3586back.builtwithrocket.new&_be=https%3A%2F%2Fapplication.rocket.new&_v=0.1.10:0
[   25990ms] [LOG] properties [Object, Object, Object, Object, Object] @ https://static.rocket.new/rocket-web.js?_cfg=https%3A%2F%2Feliteesta3586back.builtwithrocket.new&_be=https%3A%2F%2Fapplication.rocket.new&_v=0.1.10:0
[   26006ms] [LOG] properties [Object, Object, Object, Object, Object] @ https://static.rocket.new/rocket-web.js?_cfg=https%3A%2F%2Feliteesta3586back.builtwithrocket.new&_be=https%3A%2F%2Fapplication.rocket.new&_v=0.1.10:0
[   26007ms] [LOG] properties [Object, Object, Object, Object, Object] @ https://static.rocket.new/rocket-web.js?_cfg=https%3A%2F%2Feliteesta3586back.builtwithrocket.new&_be=https%3A%2F%2Fapplication.rocket.new&_v=0.1.10:0
[   26023ms] [LOG] properties [Object, Object, Object, Object, Object] @ https://static.rocket.new/rocket-web.js?_cfg=https%3A%2F%2Feliteesta3586back.builtwithrocket.new&_be=https%3A%2F%2Fapplication.rocket.new&_v=0.1.10:0
[   26023ms] [LOG] properties [Object, Object, Object, Object, Object] @ https://static.rocket.new/rocket-web.js?_cfg=https%3A%2F%2Feliteesta3586back.builtwithrocket.new&_be=https%3A%2F%2Fapplication.rocket.new&_v=0.1.10:0
[   26162ms] [LOG] properties [Object, Object, Object, Object, Object] @ https://static.rocket.new/rocket-web.js?_cfg=https%3A%2F%2Feliteesta3586back.builtwithrocket.new&_be=https%3A%2F%2Fapplication.rocket.new&_v=0.1.10:0
[   26162ms] [LOG] properties [Object, Object, Object, Object, Object] @ https://static.rocket.new/rocket-web.js?_cfg=https%3A%2F%2Feliteesta3586back.builtwithrocket.new&_be=https%3A%2F%2Fapplication.rocket.new&_v=0.1.10:0
[   26240ms] [LOG] properties [Object, Object, Object, Object, Object] @ https://static.rocket.new/rocket-web.js?_cfg=https%3A%2F%2Feliteesta3586back.builtwithrocket.new&_be=https%3A%2F%2Fapplication.rocket.new&_v=0.1.10:0
[   26240ms] [LOG] properties [Object, Object, Object, Object, Object] @ https://static.rocket.new/rocket-web.js?_cfg=https%3A%2F%2Feliteesta3586back.builtwithrocket.new&_be=https%3A%2F%2Fapplication.rocket.new&_v=0.1.10:0
[   26257ms] [LOG] properties [Object, Object, Object, Object, Object] @ https://static.rocket.new/rocket-web.js?_cfg=https%3A%2F%2Feliteesta3586back.builtwithrocket.new&_be=https%3A%2F%2Fapplication.rocket.new&_v=0.1.10:0
[   26257ms] [LOG] properties [Object, Object, Object, Object, Object] @ https://static.rocket.new/rocket-web.js?_cfg=https%3A%2F%2Feliteesta3586back.builtwithrocket.new&_be=https%3A%2F%2Fapplication.rocket.new&_v=0.1.10:0
[   26270ms] [LOG] properties [Object, Object, Object, Object, Object] @ https://static.rocket.new/rocket-web.js?_cfg=https%3A%2F%2Feliteesta3586back.builtwithrocket.new&_be=https%3A%2F%2Fapplication.rocket.new&_v=0.1.10:0
[   26270ms] [LOG] properties [Object, Object, Object, Object, Object] @ https://static.rocket.new/rocket-web.js?_cfg=https%3A%2F%2Feliteesta3586back.builtwithrocket.new&_be=https%3A%2F%2Fapplication.rocket.new&_v=0.1.10:0
[   28236ms] [LOG] properties [Object, Object, Object, Object, Object] @ https://static.rocket.new/rocket-web.js?_cfg=https%3A%2F%2Feliteesta3586back.builtwithrocket.new&_be=https%3A%2F%2Fapplication.rocket.new&_v=0.1.10:0
[   28237ms] [LOG] properties [Object, Object, Object, Object, Object] @ https://static.rocket.new/rocket-web.js?_cfg=https%3A%2F%2Feliteesta3586back.builtwithrocket.new&_be=https%3A%2F%2Fapplication.rocket.new&_v=0.1.10:0
[   28258ms] [LOG] properties [Object, Object, Object, Object, Object] @ https://static.rocket.new/rocket-web.js?_cfg=https%3A%2F%2Feliteesta3586back.builtwithrocket.new&_be=https%3A%2F%2Fapplication.rocket.new&_v=0.1.10:0
[   28259ms] [LOG] properties [Object, Object, Object, Object, Object] @ https://static.rocket.new/rocket-web.js?_cfg=https%3A%2F%2Feliteesta3586back.builtwithrocket.new&_be=https%3A%2F%2Fapplication.rocket.new&_v=0.1.10:0
[   28276ms] [LOG] properties [Object, Object, Object, Object, Object] @ https://static.rocket.new/rocket-web.js?_cfg=https%3A%2F%2Feliteesta3586back.builtwithrocket.new&_be=https%3A%2F%2Fapplication.rocket.new&_v=0.1.10:0
[   28276ms] [LOG] properties [Object, Object, Object, Object, Object] @ https://static.rocket.new/rocket-web.js?_cfg=https%3A%2F%2Feliteesta3586back.builtwithrocket.new&_be=https%3A%2F%2Fapplication.rocket.new&_v=0.1.10:0
[   28292ms] [LOG] properties [Object, Object, Object, Object, Object] @ https://static.rocket.new/rocket-web.js?_cfg=https%3A%2F%2Feliteesta3586back.builtwithrocket.new&_be=https%3A%2F%2Fapplication.rocket.new&_v=0.1.10:0
[   28292ms] [LOG] properties [Object, Object, Object, Object, Object] @ https://static.rocket.new/rocket-web.js?_cfg=https%3A%2F%2Feliteesta3586back.builtwithrocket.new&_be=https%3A%2F%2Fapplication.rocket.new&_v=0.1.10:0
[   28308ms] [LOG] properties [Object, Object, Object, Object, Object] @ https://static.rocket.new/rocket-web.js?_cfg=https%3A%2F%2Feliteesta3586back.builtwithrocket.new&_be=https%3A%2F%2Fapplication.rocket.new&_v=0.1.10:0
[   28308ms] [LOG] properties [Object, Object, Object, Object, Object] @ https://static.rocket.new/rocket-web.js?_cfg=https%3A%2F%2Feliteesta3586back.builtwithrocket.new&_be=https%3A%2F%2Fapplication.rocket.new&_v=0.1.10:0
[   78589ms] [ERROR] Access to fetch at 'https://application.rocket.new/preview/v1/track' from origin 'https://srievaareestates.com' has been blocked by CORS policy: Response to preflight request doesn't pass access control check: No 'Access-Control-Allow-Origin' header is present on the requested resource. @ https://srievaareestates.com/property-detail/PP-231225-4ZXK:0
[   78589ms] [ERROR] Failed to load resource: net::ERR_FAILED @ https://application.rocket.new/preview/v1/track:0
[   78898ms] [LOG] projects [] @ https://static.rocket.new/rocket-web.js?_cfg=https%3A%2F%2Feliteesta3586back.builtwithrocket.new&_be=https%3A%2F%2Fapplication.rocket.new&_v=0.1.10:0
[   78898ms] [LOG] projects [] @ https://static.rocket.new/rocket-web.js?_cfg=https%3A%2F%2Feliteesta3586back.builtwithrocket.new&_be=https%3A%2F%2Fapplication.rocket.new&_v=0.1.10:0
[   78904ms] [LOG] section {_id: 694a056e8b33a4c906c2878a, propertyCode: PP-231225-4ZXK, maintitle: Sree Vaaragi Residency – BI City, Minjur, subtitle: Premium Residential Plots in a Rapidly Developing Location , description1: Sree Vaaragi Residency – BI City is a DTCP approve…compact home buyers and long-term land investors.} @ https://static.rocket.new/rocket-web.js?_cfg=https%3A%2F%2Feliteesta3586back.builtwithrocket.new&_be=https%3A%2F%2Fapplication.rocket.new&_v=0.1.10:0
[   78905ms] [LOG] section {_id: 694a056e8b33a4c906c2878a, propertyCode: PP-231225-4ZXK, maintitle: Sree Vaaragi Residency – BI City, Minjur, subtitle: Premium Residential Plots in a Rapidly Developing Location , description1: Sree Vaaragi Residency – BI City is a DTCP approve…compact home buyers and long-term land investors.} @ https://static.rocket.new/rocket-web.js?_cfg=https%3A%2F%2Feliteesta3586back.builtwithrocket.new&_be=https%3A%2F%2Fapplication.rocket.new&_v=0.1.10:0
[   78968ms] [LOG] projects [] @ https://static.rocket.new/rocket-web.js?_cfg=https%3A%2F%2Feliteesta3586back.builtwithrocket.new&_be=https%3A%2F%2Fapplication.rocket.new&_v=0.1.10:0
[   78969ms] [LOG] projects [] @ https://static.rocket.new/rocket-web.js?_cfg=https%3A%2F%2Feliteesta3586back.builtwithrocket.new&_be=https%3A%2F%2Fapplication.rocket.new&_v=0.1.10:0
[   78972ms] [LOG] section {_id: 694a056e8b33a4c906c2878a, propertyCode: PP-231225-4ZXK, maintitle: Sree Vaaragi Residency – BI City, Minjur, subtitle: Premium Residential Plots in a Rapidly Developing Location , description1: Sree Vaaragi Residency – BI City is a DTCP approve…compact home buyers and long-term land investors.} @ https://static.rocket.new/rocket-web.js?_cfg=https%3A%2F%2Feliteesta3586back.builtwithrocket.new&_be=https%3A%2F%2Fapplication.rocket.new&_v=0.1.10:0
[   78972ms] [LOG] section {_id: 694a056e8b33a4c906c2878a, propertyCode: PP-231225-4ZXK, maintitle: Sree Vaaragi Residency – BI City, Minjur, subtitle: Premium Residential Plots in a Rapidly Developing Location , description1: Sree Vaaragi Residency – BI City is a DTCP approve…compact home buyers and long-term land investors.} @ https://static.rocket.new/rocket-web.js?_cfg=https%3A%2F%2Feliteesta3586back.builtwithrocket.new&_be=https%3A%2F%2Fapplication.rocket.new&_v=0.1.10:0
[   79020ms] [LOG] datadata [Object, Object, Object, Object, Object] @ https://static.rocket.new/rocket-web.js?_cfg=https%3A%2F%2Feliteesta3586back.builtwithrocket.new&_be=https%3A%2F%2Fapplication.rocket.new&_v=0.1.10:0
[   79022ms] [LOG] projects [Object, Object, Object, Object, Object] @ https://static.rocket.new/rocket-web.js?_cfg=https%3A%2F%2Feliteesta3586back.builtwithrocket.new&_be=https%3A%2F%2Fapplication.rocket.new&_v=0.1.10:0
[   79022ms] [LOG] projects [Object, Object, Object, Object, Object] @ https://static.rocket.new/rocket-web.js?_cfg=https%3A%2F%2Feliteesta3586back.builtwithrocket.new&_be=https%3A%2F%2Fapplication.rocket.new&_v=0.1.10:0
[   79051ms] [LOG] datadata [Object, Object, Object, Object, Object] @ https://static.rocket.new/rocket-web.js?_cfg=https%3A%2F%2Feliteesta3586back.builtwithrocket.new&_be=https%3A%2F%2Fapplication.rocket.new&_v=0.1.10:0
[   79051ms] [LOG] projects [Object, Object, Object, Object, Object] @ https://static.rocket.new/rocket-web.js?_cfg=https%3A%2F%2Feliteesta3586back.builtwithrocket.new&_be=https%3A%2F%2Fapplication.rocket.new&_v=0.1.10:0
[   79052ms] [LOG] projects [Object, Object, Object, Object, Object] @ https://static.rocket.new/rocket-web.js?_cfg=https%3A%2F%2Feliteesta3586back.builtwithrocket.new&_be=https%3A%2F%2Fapplication.rocket.new&_v=0.1.10:0
[  206920ms] [LOG] properties [] @ https://static.rocket.new/rocket-web.js?_cfg=https%3A%2F%2Feliteesta3586back.builtwithrocket.new&_be=https%3A%2F%2Fapplication.rocket.new&_v=0.1.10:0
[  206920ms] [LOG] properties [] @ https://static.rocket.new/rocket-web.js?_cfg=https%3A%2F%2Feliteesta3586back.builtwithrocket.new&_be=https%3A%2F%2Fapplication.rocket.new&_v=0.1.10:0
[  206949ms] [ERROR] Access to fetch at 'https://application.rocket.new/preview/v1/track' from origin 'https://srievaareestates.com' has been blocked by CORS policy: Response to preflight request doesn't pass access control check: No 'Access-Control-Allow-Origin' header is present on the requested resource. @ https://srievaareestates.com/search-results:0
[  206949ms] [ERROR] Failed to load resource: net::ERR_FAILED @ https://application.rocket.new/preview/v1/track:0
[  207190ms] [LOG] datadata {status: 200, message: Active properties fetched successfully, data: Array(5)} @ https://static.rocket.new/rocket-web.js?_cfg=https%3A%2F%2Feliteesta3586back.builtwithrocket.new&_be=https%3A%2F%2Fapplication.rocket.new&_v=0.1.10:0
[  207191ms] [LOG] properties [Object, Object, Object, Object, Object] @ https://static.rocket.new/rocket-web.js?_cfg=https%3A%2F%2Feliteesta3586back.builtwithrocket.new&_be=https%3A%2F%2Fapplication.rocket.new&_v=0.1.10:0
[  207192ms] [LOG] properties [Object, Object, Object, Object, Object] @ https://static.rocket.new/rocket-web.js?_cfg=https%3A%2F%2Feliteesta3586back.builtwithrocket.new&_be=https%3A%2F%2Fapplication.rocket.new&_v=0.1.10:0
[  207230ms] [LOG] datadata {status: 200, message: Active properties fetched successfully, data: Array(5)} @ https://static.rocket.new/rocket-web.js?_cfg=https%3A%2F%2Feliteesta3586back.builtwithrocket.new&_be=https%3A%2F%2Fapplication.rocket.new&_v=0.1.10:0
[  207230ms] [LOG] properties [Object, Object, Object, Object, Object] @ https://static.rocket.new/rocket-web.js?_cfg=https%3A%2F%2Feliteesta3586back.builtwithrocket.new&_be=https%3A%2F%2Fapplication.rocket.new&_v=0.1.10:0
[  207231ms] [LOG] properties [Object, Object, Object, Object, Object] @ https://static.rocket.new/rocket-web.js?_cfg=https%3A%2F%2Feliteesta3586back.builtwithrocket.new&_be=https%3A%2F%2Fapplication.rocket.new&_v=0.1.10:0
[  213472ms] [ERROR] Access to fetch at 'https://application.rocket.new/preview/v1/track' from origin 'https://srievaareestates.com' has been blocked by CORS policy: Response to preflight request doesn't pass access control check: No 'Access-Control-Allow-Origin' header is present on the requested resource. @ https://srievaareestates.com/property-detail/PP-231225-KMND:0
[  213472ms] [ERROR] Failed to load resource: net::ERR_FAILED @ https://application.rocket.new/preview/v1/track:0
[  213476ms] [LOG] projects [] @ https://static.rocket.new/rocket-web.js?_cfg=https%3A%2F%2Feliteesta3586back.builtwithrocket.new&_be=https%3A%2F%2Fapplication.rocket.new&_v=0.1.10:0
[  213476ms] [LOG] projects [] @ https://static.rocket.new/rocket-web.js?_cfg=https%3A%2F%2Feliteesta3586back.builtwithrocket.new&_be=https%3A%2F%2Fapplication.rocket.new&_v=0.1.10:0
[  213481ms] [LOG] section {_id: 694a37108b33a4c906c28916, propertyCode: PP-231225-KMND, maintitle: Loketha Lakshmi Nagar – Phase I & Phase II, Ponneri, subtitle: RERA Approved Residential Plots in a High-Demand Location , description1: Loketha Lakshmi Nagar – Phase II is a RERA & CMDA …able for both end users and long-term investors. } @ https://static.rocket.new/rocket-web.js?_cfg=https%3A%2F%2Feliteesta3586back.builtwithrocket.new&_be=https%3A%2F%2Fapplication.rocket.new&_v=0.1.10:0
[  213481ms] [LOG] section {_id: 694a37108b33a4c906c28916, propertyCode: PP-231225-KMND, maintitle: Loketha Lakshmi Nagar – Phase I & Phase II, Ponneri, subtitle: RERA Approved Residential Plots in a High-Demand Location , description1: Loketha Lakshmi Nagar – Phase II is a RERA & CMDA …able for both end users and long-term investors. } @ https://static.rocket.new/rocket-web.js?_cfg=https%3A%2F%2Feliteesta3586back.builtwithrocket.new&_be=https%3A%2F%2Fapplication.rocket.new&_v=0.1.10:0
[  213516ms] [LOG] projects [] @ https://static.rocket.new/rocket-web.js?_cfg=https%3A%2F%2Feliteesta3586back.builtwithrocket.new&_be=https%3A%2F%2Fapplication.rocket.new&_v=0.1.10:0
[  213516ms] [LOG] projects [] @ https://static.rocket.new/rocket-web.js?_cfg=https%3A%2F%2Feliteesta3586back.builtwithrocket.new&_be=https%3A%2F%2Fapplication.rocket.new&_v=0.1.10:0
[  213519ms] [LOG] section {_id: 694a37108b33a4c906c28916, propertyCode: PP-231225-KMND, maintitle: Loketha Lakshmi Nagar – Phase I & Phase II, Ponneri, subtitle: RERA Approved Residential Plots in a High-Demand Location , description1: Loketha Lakshmi Nagar – Phase II is a RERA & CMDA …able for both end users and long-term investors. } @ https://static.rocket.new/rocket-web.js?_cfg=https%3A%2F%2Feliteesta3586back.builtwithrocket.new&_be=https%3A%2F%2Fapplication.rocket.new&_v=0.1.10:0
[  213520ms] [LOG] section {_id: 694a37108b33a4c906c28916, propertyCode: PP-231225-KMND, maintitle: Loketha Lakshmi Nagar – Phase I & Phase II, Ponneri, subtitle: RERA Approved Residential Plots in a High-Demand Location , description1: Loketha Lakshmi Nagar – Phase II is a RERA & CMDA …able for both end users and long-term investors. } @ https://static.rocket.new/rocket-web.js?_cfg=https%3A%2F%2Feliteesta3586back.builtwithrocket.new&_be=https%3A%2F%2Fapplication.rocket.new&_v=0.1.10:0
[  213577ms] [LOG] datadata [Object, Object, Object, Object, Object] @ https://static.rocket.new/rocket-web.js?_cfg=https%3A%2F%2Feliteesta3586back.builtwithrocket.new&_be=https%3A%2F%2Fapplication.rocket.new&_v=0.1.10:0
[  213578ms] [LOG] projects [Object, Object, Object, Object, Object] @ https://static.rocket.new/rocket-web.js?_cfg=https%3A%2F%2Feliteesta3586back.builtwithrocket.new&_be=https%3A%2F%2Fapplication.rocket.new&_v=0.1.10:0
[  213578ms] [LOG] projects [Object, Object, Object, Object, Object] @ https://static.rocket.new/rocket-web.js?_cfg=https%3A%2F%2Feliteesta3586back.builtwithrocket.new&_be=https%3A%2F%2Fapplication.rocket.new&_v=0.1.10:0
[  213615ms] [LOG] datadata [Object, Object, Object, Object, Object] @ https://static.rocket.new/rocket-web.js?_cfg=https%3A%2F%2Feliteesta3586back.builtwithrocket.new&_be=https%3A%2F%2Fapplication.rocket.new&_v=0.1.10:0
[  213615ms] [LOG] projects [Object, Object, Object, Object, Object] @ https://static.rocket.new/rocket-web.js?_cfg=https%3A%2F%2Feliteesta3586back.builtwithrocket.new&_be=https%3A%2F%2Fapplication.rocket.new&_v=0.1.10:0
[  213615ms] [LOG] projects [Object, Object, Object, Object, Object] @ https://static.rocket.new/rocket-web.js?_cfg=https%3A%2F%2Feliteesta3586back.builtwithrocket.new&_be=https%3A%2F%2Fapplication.rocket.new&_v=0.1.10:0
[  293755ms] [LOG] properties [] @ https://static.rocket.new/rocket-web.js?_cfg=https%3A%2F%2Feliteesta3586back.builtwithrocket.new&_be=https%3A%2F%2Fapplication.rocket.new&_v=0.1.10:0
[  293756ms] [LOG] properties [] @ https://static.rocket.new/rocket-web.js?_cfg=https%3A%2F%2Feliteesta3586back.builtwithrocket.new&_be=https%3A%2F%2Fapplication.rocket.new&_v=0.1.10:0
[  293785ms] [ERROR] Access to fetch at 'https://application.rocket.new/preview/v1/track' from origin 'https://srievaareestates.com' has been blocked by CORS policy: Response to preflight request doesn't pass access control check: No 'Access-Control-Allow-Origin' header is present on the requested resource. @ https://srievaareestates.com/search-results:0
[  293785ms] [ERROR] Failed to load resource: net::ERR_FAILED @ https://application.rocket.new/preview/v1/track:0
[  293879ms] [LOG] datadata {status: 200, message: Active properties fetched successfully, data: Array(5)} @ https://static.rocket.new/rocket-web.js?_cfg=https%3A%2F%2Feliteesta3586back.builtwithrocket.new&_be=https%3A%2F%2Fapplication.rocket.new&_v=0.1.10:0
[  293879ms] [LOG] properties [Object, Object, Object, Object, Object] @ https://static.rocket.new/rocket-web.js?_cfg=https%3A%2F%2Feliteesta3586back.builtwithrocket.new&_be=https%3A%2F%2Fapplication.rocket.new&_v=0.1.10:0
[  293881ms] [LOG] properties [Object, Object, Object, Object, Object] @ https://static.rocket.new/rocket-web.js?_cfg=https%3A%2F%2Feliteesta3586back.builtwithrocket.new&_be=https%3A%2F%2Fapplication.rocket.new&_v=0.1.10:0
[  293913ms] [LOG] datadata {status: 200, message: Active properties fetched successfully, data: Array(5)} @ https://static.rocket.new/rocket-web.js?_cfg=https%3A%2F%2Feliteesta3586back.builtwithrocket.new&_be=https%3A%2F%2Fapplication.rocket.new&_v=0.1.10:0
[  293913ms] [LOG] properties [Object, Object, Object, Object, Object] @ https://static.rocket.new/rocket-web.js?_cfg=https%3A%2F%2Feliteesta3586back.builtwithrocket.new&_be=https%3A%2F%2Fapplication.rocket.new&_v=0.1.10:0
[  293914ms] [LOG] properties [Object, Object, Object, Object, Object] @ https://static.rocket.new/rocket-web.js?_cfg=https%3A%2F%2Feliteesta3586back.builtwithrocket.new&_be=https%3A%2F%2Fapplication.rocket.new&_v=0.1.10:0
[  300744ms] [ERROR] Access to fetch at 'https://application.rocket.new/preview/v1/track' from origin 'https://srievaareestates.com' has been blocked by CORS policy: Response to preflight request doesn't pass access control check: No 'Access-Control-Allow-Origin' header is present on the requested resource. @ https://srievaareestates.com/property-detail/PP-301225-1BS6:0
[  300745ms] [ERROR] Failed to load resource: net::ERR_FAILED @ https://application.rocket.new/preview/v1/track:0
[  300747ms] [LOG] projects [] @ https://static.rocket.new/rocket-web.js?_cfg=https%3A%2F%2Feliteesta3586back.builtwithrocket.new&_be=https%3A%2F%2Fapplication.rocket.new&_v=0.1.10:0
[  300747ms] [LOG] projects [] @ https://static.rocket.new/rocket-web.js?_cfg=https%3A%2F%2Feliteesta3586back.builtwithrocket.new&_be=https%3A%2F%2Fapplication.rocket.new&_v=0.1.10:0
[  300751ms] [LOG] section {_id: 6953848197b70bf232a8e145, propertyCode: PP-301225-1BS6, maintitle: Srii Balaji avenue - Tiruvallur BI CITY, subtitle: Well-Planned Residential Plots in a Rapidly Developing Location, description1: Srii Balaaji Avenue – BI City is a DTCP-approved r…izes suitable for home buyers and land investors.} @ https://static.rocket.new/rocket-web.js?_cfg=https%3A%2F%2Feliteesta3586back.builtwithrocket.new&_be=https%3A%2F%2Fapplication.rocket.new&_v=0.1.10:0
[  300751ms] [LOG] section {_id: 6953848197b70bf232a8e145, propertyCode: PP-301225-1BS6, maintitle: Srii Balaji avenue - Tiruvallur BI CITY, subtitle: Well-Planned Residential Plots in a Rapidly Developing Location, description1: Srii Balaaji Avenue – BI City is a DTCP-approved r…izes suitable for home buyers and land investors.} @ https://static.rocket.new/rocket-web.js?_cfg=https%3A%2F%2Feliteesta3586back.builtwithrocket.new&_be=https%3A%2F%2Fapplication.rocket.new&_v=0.1.10:0
[  300778ms] [LOG] projects [] @ https://static.rocket.new/rocket-web.js?_cfg=https%3A%2F%2Feliteesta3586back.builtwithrocket.new&_be=https%3A%2F%2Fapplication.rocket.new&_v=0.1.10:0
[  300778ms] [LOG] projects [] @ https://static.rocket.new/rocket-web.js?_cfg=https%3A%2F%2Feliteesta3586back.builtwithrocket.new&_be=https%3A%2F%2Fapplication.rocket.new&_v=0.1.10:0
[  300780ms] [LOG] section {_id: 6953848197b70bf232a8e145, propertyCode: PP-301225-1BS6, maintitle: Srii Balaji avenue - Tiruvallur BI CITY, subtitle: Well-Planned Residential Plots in a Rapidly Developing Location, description1: Srii Balaaji Avenue – BI City is a DTCP-approved r…izes suitable for home buyers and land investors.} @ https://static.rocket.new/rocket-web.js?_cfg=https%3A%2F%2Feliteesta3586back.builtwithrocket.new&_be=https%3A%2F%2Fapplication.rocket.new&_v=0.1.10:0
[  300780ms] [LOG] section {_id: 6953848197b70bf232a8e145, propertyCode: PP-301225-1BS6, maintitle: Srii Balaji avenue - Tiruvallur BI CITY, subtitle: Well-Planned Residential Plots in a Rapidly Developing Location, description1: Srii Balaaji Avenue – BI City is a DTCP-approved r…izes suitable for home buyers and land investors.} @ https://static.rocket.new/rocket-web.js?_cfg=https%3A%2F%2Feliteesta3586back.builtwithrocket.new&_be=https%3A%2F%2Fapplication.rocket.new&_v=0.1.10:0
[  300847ms] [LOG] datadata [Object, Object, Object, Object, Object] @ https://static.rocket.new/rocket-web.js?_cfg=https%3A%2F%2Feliteesta3586back.builtwithrocket.new&_be=https%3A%2F%2Fapplication.rocket.new&_v=0.1.10:0
[  300847ms] [LOG] projects [Object, Object, Object, Object, Object] @ https://static.rocket.new/rocket-web.js?_cfg=https%3A%2F%2Feliteesta3586back.builtwithrocket.new&_be=https%3A%2F%2Fapplication.rocket.new&_v=0.1.10:0
[  300848ms] [LOG] projects [Object, Object, Object, Object, Object] @ https://static.rocket.new/rocket-web.js?_cfg=https%3A%2F%2Feliteesta3586back.builtwithrocket.new&_be=https%3A%2F%2Fapplication.rocket.new&_v=0.1.10:0
[  300886ms] [LOG] datadata [Object, Object, Object, Object, Object] @ https://static.rocket.new/rocket-web.js?_cfg=https%3A%2F%2Feliteesta3586back.builtwithrocket.new&_be=https%3A%2F%2Fapplication.rocket.new&_v=0.1.10:0
[  300886ms] [LOG] projects [Object, Object, Object, Object, Object] @ https://static.rocket.new/rocket-web.js?_cfg=https%3A%2F%2Feliteesta3586back.builtwithrocket.new&_be=https%3A%2F%2Fapplication.rocket.new&_v=0.1.10:0
[  300886ms] [LOG] projects [Object, Object, Object, Object, Object] @ https://static.rocket.new/rocket-web.js?_cfg=https%3A%2F%2Feliteesta3586back.builtwithrocket.new&_be=https%3A%2F%2Fapplication.rocket.new&_v=0.1.10:0
[  302695ms] [LOG] properties [] @ https://static.rocket.new/rocket-web.js?_cfg=https%3A%2F%2Feliteesta3586back.builtwithrocket.new&_be=https%3A%2F%2Fapplication.rocket.new&_v=0.1.10:0
[  302696ms] [LOG] properties [] @ https://static.rocket.new/rocket-web.js?_cfg=https%3A%2F%2Feliteesta3586back.builtwithrocket.new&_be=https%3A%2F%2Fapplication.rocket.new&_v=0.1.10:0
[  302723ms] [ERROR] Access to fetch at 'https://application.rocket.new/preview/v1/track' from origin 'https://srievaareestates.com' has been blocked by CORS policy: Response to preflight request doesn't pass access control check: No 'Access-Control-Allow-Origin' header is present on the requested resource. @ https://srievaareestates.com/search-results:0
[  302723ms] [ERROR] Failed to load resource: net::ERR_FAILED @ https://application.rocket.new/preview/v1/track:0
[  302754ms] [LOG] datadata {status: 200, message: Active properties fetched successfully, data: Array(5)} @ https://static.rocket.new/rocket-web.js?_cfg=https%3A%2F%2Feliteesta3586back.builtwithrocket.new&_be=https%3A%2F%2Fapplication.rocket.new&_v=0.1.10:0
[  302754ms] [LOG] properties [Object, Object, Object, Object, Object] @ https://static.rocket.new/rocket-web.js?_cfg=https%3A%2F%2Feliteesta3586back.builtwithrocket.new&_be=https%3A%2F%2Fapplication.rocket.new&_v=0.1.10:0
[  302755ms] [LOG] properties [Object, Object, Object, Object, Object] @ https://static.rocket.new/rocket-web.js?_cfg=https%3A%2F%2Feliteesta3586back.builtwithrocket.new&_be=https%3A%2F%2Fapplication.rocket.new&_v=0.1.10:0
[  302794ms] [LOG] datadata {status: 200, message: Active properties fetched successfully, data: Array(5)} @ https://static.rocket.new/rocket-web.js?_cfg=https%3A%2F%2Feliteesta3586back.builtwithrocket.new&_be=https%3A%2F%2Fapplication.rocket.new&_v=0.1.10:0
[  302795ms] [LOG] properties [Object, Object, Object, Object, Object] @ https://static.rocket.new/rocket-web.js?_cfg=https%3A%2F%2Feliteesta3586back.builtwithrocket.new&_be=https%3A%2F%2Fapplication.rocket.new&_v=0.1.10:0
[  302795ms] [LOG] properties [Object, Object, Object, Object, Object] @ https://static.rocket.new/rocket-web.js?_cfg=https%3A%2F%2Feliteesta3586back.builtwithrocket.new&_be=https%3A%2F%2Fapplication.rocket.new&_v=0.1.10:0
[  305745ms] [ERROR] Access to fetch at 'https://application.rocket.new/preview/v1/track' from origin 'https://srievaareestates.com' has been blocked by CORS policy: Response to preflight request doesn't pass access control check: No 'Access-Control-Allow-Origin' header is present on the requested resource. @ https://srievaareestates.com/property-detail/PP-171225-SIV6:0
[  305745ms] [ERROR] Failed to load resource: net::ERR_FAILED @ https://application.rocket.new/preview/v1/track:0
[  305747ms] [LOG] projects [] @ https://static.rocket.new/rocket-web.js?_cfg=https%3A%2F%2Feliteesta3586back.builtwithrocket.new&_be=https%3A%2F%2Fapplication.rocket.new&_v=0.1.10:0
[  305748ms] [LOG] projects [] @ https://static.rocket.new/rocket-web.js?_cfg=https%3A%2F%2Feliteesta3586back.builtwithrocket.new&_be=https%3A%2F%2Fapplication.rocket.new&_v=0.1.10:0
[  305751ms] [LOG] section {_id: 69429d70543961de286b2559, propertyCode: PP-171225-SIV6, maintitle: SrieVaare Aishwariyam Township, subtitle: Thoughtfully Designed Plots in a Prime Growth Location , description1: Srie Vaare Aishwariyam Township is a CMDA & RERA a…ity for different lifestyle and investment needs.} @ https://static.rocket.new/rocket-web.js?_cfg=https%3A%2F%2Feliteesta3586back.builtwithrocket.new&_be=https%3A%2F%2Fapplication.rocket.new&_v=0.1.10:0
[  305751ms] [LOG] section {_id: 69429d70543961de286b2559, propertyCode: PP-171225-SIV6, maintitle: SrieVaare Aishwariyam Township, subtitle: Thoughtfully Designed Plots in a Prime Growth Location , description1: Srie Vaare Aishwariyam Township is a CMDA & RERA a…ity for different lifestyle and investment needs.} @ https://static.rocket.new/rocket-web.js?_cfg=https%3A%2F%2Feliteesta3586back.builtwithrocket.new&_be=https%3A%2F%2Fapplication.rocket.new&_v=0.1.10:0
[  305770ms] [LOG] projects [] @ https://static.rocket.new/rocket-web.js?_cfg=https%3A%2F%2Feliteesta3586back.builtwithrocket.new&_be=https%3A%2F%2Fapplication.rocket.new&_v=0.1.10:0
[  305771ms] [LOG] projects [] @ https://static.rocket.new/rocket-web.js?_cfg=https%3A%2F%2Feliteesta3586back.builtwithrocket.new&_be=https%3A%2F%2Fapplication.rocket.new&_v=0.1.10:0
[  305772ms] [LOG] section {_id: 69429d70543961de286b2559, propertyCode: PP-171225-SIV6, maintitle: SrieVaare Aishwariyam Township, subtitle: Thoughtfully Designed Plots in a Prime Growth Location , description1: Srie Vaare Aishwariyam Township is a CMDA & RERA a…ity for different lifestyle and investment needs.} @ https://static.rocket.new/rocket-web.js?_cfg=https%3A%2F%2Feliteesta3586back.builtwithrocket.new&_be=https%3A%2F%2Fapplication.rocket.new&_v=0.1.10:0
[  305772ms] [LOG] section {_id: 69429d70543961de286b2559, propertyCode: PP-171225-SIV6, maintitle: SrieVaare Aishwariyam Township, subtitle: Thoughtfully Designed Plots in a Prime Growth Location , description1: Srie Vaare Aishwariyam Township is a CMDA & RERA a…ity for different lifestyle and investment needs.} @ https://static.rocket.new/rocket-web.js?_cfg=https%3A%2F%2Feliteesta3586back.builtwithrocket.new&_be=https%3A%2F%2Fapplication.rocket.new&_v=0.1.10:0
[  305821ms] [LOG] datadata [Object, Object, Object, Object, Object] @ https://static.rocket.new/rocket-web.js?_cfg=https%3A%2F%2Feliteesta3586back.builtwithrocket.new&_be=https%3A%2F%2Fapplication.rocket.new&_v=0.1.10:0
[  305821ms] [LOG] projects [Object, Object, Object, Object, Object] @ https://static.rocket.new/rocket-web.js?_cfg=https%3A%2F%2Feliteesta3586back.builtwithrocket.new&_be=https%3A%2F%2Fapplication.rocket.new&_v=0.1.10:0
[  305822ms] [LOG] projects [Object, Object, Object, Object, Object] @ https://static.rocket.new/rocket-web.js?_cfg=https%3A%2F%2Feliteesta3586back.builtwithrocket.new&_be=https%3A%2F%2Fapplication.rocket.new&_v=0.1.10:0
[  305852ms] [LOG] datadata [Object, Object, Object, Object, Object] @ https://static.rocket.new/rocket-web.js?_cfg=https%3A%2F%2Feliteesta3586back.builtwithrocket.new&_be=https%3A%2F%2Fapplication.rocket.new&_v=0.1.10:0
[  305853ms] [LOG] projects [Object, Object, Object, Object, Object] @ https://static.rocket.new/rocket-web.js?_cfg=https%3A%2F%2Feliteesta3586back.builtwithrocket.new&_be=https%3A%2F%2Fapplication.rocket.new&_v=0.1.10:0
[  305853ms] [LOG] projects [Object, Object, Object, Object, Object] @ https://static.rocket.new/rocket-web.js?_cfg=https%3A%2F%2Feliteesta3586back.builtwithrocket.new&_be=https%3A%2F%2Fapplication.rocket.new&_v=0.1.10:0
[  307704ms] [LOG] properties [] @ https://static.rocket.new/rocket-web.js?_cfg=https%3A%2F%2Feliteesta3586back.builtwithrocket.new&_be=https%3A%2F%2Fapplication.rocket.new&_v=0.1.10:0
[  307704ms] [LOG] properties [] @ https://static.rocket.new/rocket-web.js?_cfg=https%3A%2F%2Feliteesta3586back.builtwithrocket.new&_be=https%3A%2F%2Fapplication.rocket.new&_v=0.1.10:0
[  307732ms] [ERROR] Access to fetch at 'https://application.rocket.new/preview/v1/track' from origin 'https://srievaareestates.com' has been blocked by CORS policy: Response to preflight request doesn't pass access control check: No 'Access-Control-Allow-Origin' header is present on the requested resource. @ https://srievaareestates.com/search-results:0
[  307732ms] [ERROR] Failed to load resource: net::ERR_FAILED @ https://application.rocket.new/preview/v1/track:0
[  307751ms] [LOG] datadata {status: 200, message: Active properties fetched successfully, data: Array(5)} @ https://static.rocket.new/rocket-web.js?_cfg=https%3A%2F%2Feliteesta3586back.builtwithrocket.new&_be=https%3A%2F%2Fapplication.rocket.new&_v=0.1.10:0
[  307752ms] [LOG] properties [Object, Object, Object, Object, Object] @ https://static.rocket.new/rocket-web.js?_cfg=https%3A%2F%2Feliteesta3586back.builtwithrocket.new&_be=https%3A%2F%2Fapplication.rocket.new&_v=0.1.10:0
[  307753ms] [LOG] properties [Object, Object, Object, Object, Object] @ https://static.rocket.new/rocket-web.js?_cfg=https%3A%2F%2Feliteesta3586back.builtwithrocket.new&_be=https%3A%2F%2Fapplication.rocket.new&_v=0.1.10:0
[  307784ms] [LOG] datadata {status: 200, message: Active properties fetched successfully, data: Array(5)} @ https://static.rocket.new/rocket-web.js?_cfg=https%3A%2F%2Feliteesta3586back.builtwithrocket.new&_be=https%3A%2F%2Fapplication.rocket.new&_v=0.1.10:0
[  307785ms] [LOG] properties [Object, Object, Object, Object, Object] @ https://static.rocket.new/rocket-web.js?_cfg=https%3A%2F%2Feliteesta3586back.builtwithrocket.new&_be=https%3A%2F%2Fapplication.rocket.new&_v=0.1.10:0
[  307785ms] [LOG] properties [Object, Object, Object, Object, Object] @ https://static.rocket.new/rocket-web.js?_cfg=https%3A%2F%2Feliteesta3586back.builtwithrocket.new&_be=https%3A%2F%2Fapplication.rocket.new&_v=0.1.10:0
[  310750ms] [ERROR] Access to fetch at 'https://application.rocket.new/preview/v1/track' from origin 'https://srievaareestates.com' has been blocked by CORS policy: Response to preflight request doesn't pass access control check: No 'Access-Control-Allow-Origin' header is present on the requested resource. @ https://srievaareestates.com/property-detail/PP-200426-SVQ6:0
[  310750ms] [ERROR] Failed to load resource: net::ERR_FAILED @ https://application.rocket.new/preview/v1/track:0
[  310752ms] [LOG] projects [] @ https://static.rocket.new/rocket-web.js?_cfg=https%3A%2F%2Feliteesta3586back.builtwithrocket.new&_be=https%3A%2F%2Fapplication.rocket.new&_v=0.1.10:0
[  310753ms] [LOG] projects [] @ https://static.rocket.new/rocket-web.js?_cfg=https%3A%2F%2Feliteesta3586back.builtwithrocket.new&_be=https%3A%2F%2Fapplication.rocket.new&_v=0.1.10:0
[  310756ms] [LOG] section {_id: 69e61422a34fa3ace6cc6168, propertyCode: PP-200426-SVQ6, maintitle: BI City Beach Resort Plots – Ponneri , subtitle: Resort-Style Living with Strong Investment Potential , description1: BI City Beach Resort Plots is a premium plotted de…for both residential living and smart investment.} @ https://static.rocket.new/rocket-web.js?_cfg=https%3A%2F%2Feliteesta3586back.builtwithrocket.new&_be=https%3A%2F%2Fapplication.rocket.new&_v=0.1.10:0
[  310756ms] [LOG] section {_id: 69e61422a34fa3ace6cc6168, propertyCode: PP-200426-SVQ6, maintitle: BI City Beach Resort Plots – Ponneri , subtitle: Resort-Style Living with Strong Investment Potential , description1: BI City Beach Resort Plots is a premium plotted de…for both residential living and smart investment.} @ https://static.rocket.new/rocket-web.js?_cfg=https%3A%2F%2Feliteesta3586back.builtwithrocket.new&_be=https%3A%2F%2Fapplication.rocket.new&_v=0.1.10:0
[  310783ms] [LOG] projects [] @ https://static.rocket.new/rocket-web.js?_cfg=https%3A%2F%2Feliteesta3586back.builtwithrocket.new&_be=https%3A%2F%2Fapplication.rocket.new&_v=0.1.10:0
[  310783ms] [LOG] projects [] @ https://static.rocket.new/rocket-web.js?_cfg=https%3A%2F%2Feliteesta3586back.builtwithrocket.new&_be=https%3A%2F%2Fapplication.rocket.new&_v=0.1.10:0
[  310785ms] [LOG] section {_id: 69e61422a34fa3ace6cc6168, propertyCode: PP-200426-SVQ6, maintitle: BI City Beach Resort Plots – Ponneri , subtitle: Resort-Style Living with Strong Investment Potential , description1: BI City Beach Resort Plots is a premium plotted de…for both residential living and smart investment.} @ https://static.rocket.new/rocket-web.js?_cfg=https%3A%2F%2Feliteesta3586back.builtwithrocket.new&_be=https%3A%2F%2Fapplication.rocket.new&_v=0.1.10:0
[  310786ms] [LOG] section {_id: 69e61422a34fa3ace6cc6168, propertyCode: PP-200426-SVQ6, maintitle: BI City Beach Resort Plots – Ponneri , subtitle: Resort-Style Living with Strong Investment Potential , description1: BI City Beach Resort Plots is a premium plotted de…for both residential living and smart investment.} @ https://static.rocket.new/rocket-web.js?_cfg=https%3A%2F%2Feliteesta3586back.builtwithrocket.new&_be=https%3A%2F%2Fapplication.rocket.new&_v=0.1.10:0
[  310840ms] [LOG] datadata [Object, Object, Object, Object, Object] @ https://static.rocket.new/rocket-web.js?_cfg=https%3A%2F%2Feliteesta3586back.builtwithrocket.new&_be=https%3A%2F%2Fapplication.rocket.new&_v=0.1.10:0
[  310840ms] [LOG] projects [Object, Object, Object, Object, Object] @ https://static.rocket.new/rocket-web.js?_cfg=https%3A%2F%2Feliteesta3586back.builtwithrocket.new&_be=https%3A%2F%2Fapplication.rocket.new&_v=0.1.10:0
[  310840ms] [LOG] projects [Object, Object, Object, Object, Object] @ https://static.rocket.new/rocket-web.js?_cfg=https%3A%2F%2Feliteesta3586back.builtwithrocket.new&_be=https%3A%2F%2Fapplication.rocket.new&_v=0.1.10:0
[  310878ms] [LOG] datadata [Object, Object, Object, Object, Object] @ https://static.rocket.new/rocket-web.js?_cfg=https%3A%2F%2Feliteesta3586back.builtwithrocket.new&_be=https%3A%2F%2Fapplication.rocket.new&_v=0.1.10:0
[  310878ms] [LOG] projects [Object, Object, Object, Object, Object] @ https://static.rocket.new/rocket-web.js?_cfg=https%3A%2F%2Feliteesta3586back.builtwithrocket.new&_be=https%3A%2F%2Fapplication.rocket.new&_v=0.1.10:0
[  310879ms] [LOG] projects [Object, Object, Object, Object, Object] @ https://static.rocket.new/rocket-web.js?_cfg=https%3A%2F%2Feliteesta3586back.builtwithrocket.new&_be=https%3A%2F%2Fapplication.rocket.new&_v=0.1.10:0
[  312712ms] [LOG] properties [] @ https://static.rocket.new/rocket-web.js?_cfg=https%3A%2F%2Feliteesta3586back.builtwithrocket.new&_be=https%3A%2F%2Fapplication.rocket.new&_v=0.1.10:0
[  312712ms] [LOG] properties [] @ https://static.rocket.new/rocket-web.js?_cfg=https%3A%2F%2Feliteesta3586back.builtwithrocket.new&_be=https%3A%2F%2Fapplication.rocket.new&_v=0.1.10:0
[  312739ms] [ERROR] Access to fetch at 'https://application.rocket.new/preview/v1/track' from origin 'https://srievaareestates.com' has been blocked by CORS policy: Response to preflight request doesn't pass access control check: No 'Access-Control-Allow-Origin' header is present on the requested resource. @ https://srievaareestates.com/search-results:0
[  312739ms] [ERROR] Failed to load resource: net::ERR_FAILED @ https://application.rocket.new/preview/v1/track:0
[  312767ms] [LOG] datadata {status: 200, message: Active properties fetched successfully, data: Array(5)} @ https://static.rocket.new/rocket-web.js?_cfg=https%3A%2F%2Feliteesta3586back.builtwithrocket.new&_be=https%3A%2F%2Fapplication.rocket.new&_v=0.1.10:0
[  312767ms] [LOG] properties [Object, Object, Object, Object, Object] @ https://static.rocket.new/rocket-web.js?_cfg=https%3A%2F%2Feliteesta3586back.builtwithrocket.new&_be=https%3A%2F%2Fapplication.rocket.new&_v=0.1.10:0
[  312768ms] [LOG] properties [Object, Object, Object, Object, Object] @ https://static.rocket.new/rocket-web.js?_cfg=https%3A%2F%2Feliteesta3586back.builtwithrocket.new&_be=https%3A%2F%2Fapplication.rocket.new&_v=0.1.10:0
[  312806ms] [LOG] datadata {status: 200, message: Active properties fetched successfully, data: Array(5)} @ https://static.rocket.new/rocket-web.js?_cfg=https%3A%2F%2Feliteesta3586back.builtwithrocket.new&_be=https%3A%2F%2Fapplication.rocket.new&_v=0.1.10:0
[  312807ms] [LOG] properties [Object, Object, Object, Object, Object] @ https://static.rocket.new/rocket-web.js?_cfg=https%3A%2F%2Feliteesta3586back.builtwithrocket.new&_be=https%3A%2F%2Fapplication.rocket.new&_v=0.1.10:0
[  312807ms] [LOG] properties [Object, Object, Object, Object, Object] @ https://static.rocket.new/rocket-web.js?_cfg=https%3A%2F%2Feliteesta3586back.builtwithrocket.new&_be=https%3A%2F%2Fapplication.rocket.new&_v=0.1.10:0
