[     448ms] [INFO] %cDownload the React DevTools for a better development experience: https://reactjs.org/link/react-devtools font-weight:bold @ https://static.rocket.new/rocket-web.js?_cfg=https%3A%2F%2Feliteesta3586back.builtwithrocket.new&_be=https%3A%2F%2Fapplication.rocket.new&_v=0.1.10:0
[     615ms] [ERROR] Access to fetch at 'https://application.rocket.new/preview/v1/track' from origin 'https://srievaareestates.com' has been blocked by CORS policy: Response to preflight request doesn't pass access control check: No 'Access-Control-Allow-Origin' header is present on the requested resource. @ https://srievaareestates.com/property-detail/PP-231225-4ZXK:0
[     615ms] [ERROR] Failed to load resource: net::ERR_FAILED @ https://application.rocket.new/preview/v1/track:0
[    4536ms] [ERROR] Access to fetch at 'https://application.rocket.new/preview/v1/track' from origin 'https://srievaareestates.com' has been blocked by CORS policy: Response to preflight request doesn't pass access control check: No 'Access-Control-Allow-Origin' header is present on the requested resource. @ https://srievaareestates.com/property-detail/PP-231225-4ZXK:0
[    4536ms] [ERROR] Failed to load resource: net::ERR_FAILED @ https://application.rocket.new/preview/v1/track:0
[    4960ms] [LOG] projects [] @ https://static.rocket.new/rocket-web.js?_cfg=https%3A%2F%2Feliteesta3586back.builtwithrocket.new&_be=https%3A%2F%2Fapplication.rocket.new&_v=0.1.10:0
[    4961ms] [LOG] projects [] @ https://static.rocket.new/rocket-web.js?_cfg=https%3A%2F%2Feliteesta3586back.builtwithrocket.new&_be=https%3A%2F%2Fapplication.rocket.new&_v=0.1.10:0
[    4971ms] [LOG] section {_id: 694a056e8b33a4c906c2878a, propertyCode: PP-231225-4ZXK, maintitle: Sree Vaaragi Residency – BI City, Minjur, subtitle: Premium Residential Plots in a Rapidly Developing Location , description1: Sree Vaaragi Residency – BI City is a DTCP approve…compact home buyers and long-term land investors.} @ https://static.rocket.new/rocket-web.js?_cfg=https%3A%2F%2Feliteesta3586back.builtwithrocket.new&_be=https%3A%2F%2Fapplication.rocket.new&_v=0.1.10:0
[    4971ms] [LOG] section {_id: 694a056e8b33a4c906c2878a, propertyCode: PP-231225-4ZXK, maintitle: Sree Vaaragi Residency – BI City, Minjur, subtitle: Premium Residential Plots in a Rapidly Developing Location , description1: Sree Vaaragi Residency – BI City is a DTCP approve…compact home buyers and long-term land investors.} @ https://static.rocket.new/rocket-web.js?_cfg=https%3A%2F%2Feliteesta3586back.builtwithrocket.new&_be=https%3A%2F%2Fapplication.rocket.new&_v=0.1.10:0
[    5101ms] [LOG] projects [] @ https://static.rocket.new/rocket-web.js?_cfg=https%3A%2F%2Feliteesta3586back.builtwithrocket.new&_be=https%3A%2F%2Fapplication.rocket.new&_v=0.1.10:0
[    5102ms] [LOG] projects [] @ https://static.rocket.new/rocket-web.js?_cfg=https%3A%2F%2Feliteesta3586back.builtwithrocket.new&_be=https%3A%2F%2Fapplication.rocket.new&_v=0.1.10:0
[    5105ms] [LOG] section {_id: 694a056e8b33a4c906c2878a, propertyCode: PP-231225-4ZXK, maintitle: Sree Vaaragi Residency – BI City, Minjur, subtitle: Premium Residential Plots in a Rapidly Developing Location , description1: Sree Vaaragi Residency – BI City is a DTCP approve…compact home buyers and long-term land investors.} @ https://static.rocket.new/rocket-web.js?_cfg=https%3A%2F%2Feliteesta3586back.builtwithrocket.new&_be=https%3A%2F%2Fapplication.rocket.new&_v=0.1.10:0
[    5105ms] [LOG] section {_id: 694a056e8b33a4c906c2878a, propertyCode: PP-231225-4ZXK, maintitle: Sree Vaaragi Residency – BI City, Minjur, subtitle: Premium Residential Plots in a Rapidly Developing Location , description1: Sree Vaaragi Residency – BI City is a DTCP approve…compact home buyers and long-term land investors.} @ https://static.rocket.new/rocket-web.js?_cfg=https%3A%2F%2Feliteesta3586back.builtwithrocket.new&_be=https%3A%2F%2Fapplication.rocket.new&_v=0.1.10:0
[    5174ms] [LOG] datadata [Object, Object, Object, Object, Object] @ https://static.rocket.new/rocket-web.js?_cfg=https%3A%2F%2Feliteesta3586back.builtwithrocket.new&_be=https%3A%2F%2Fapplication.rocket.new&_v=0.1.10:0
[    5174ms] [LOG] projects [Object, Object, Object, Object, Object] @ https://static.rocket.new/rocket-web.js?_cfg=https%3A%2F%2Feliteesta3586back.builtwithrocket.new&_be=https%3A%2F%2Fapplication.rocket.new&_v=0.1.10:0
[    5175ms] [LOG] projects [Object, Object, Object, Object, Object] @ https://static.rocket.new/rocket-web.js?_cfg=https%3A%2F%2Feliteesta3586back.builtwithrocket.new&_be=https%3A%2F%2Fapplication.rocket.new&_v=0.1.10:0
[    5190ms] [LOG] datadata [Object, Object, Object, Object, Object] @ https://static.rocket.new/rocket-web.js?_cfg=https%3A%2F%2Feliteesta3586back.builtwithrocket.new&_be=https%3A%2F%2Fapplication.rocket.new&_v=0.1.10:0
[    5191ms] [LOG] projects [Object, Object, Object, Object, Object] @ https://static.rocket.new/rocket-web.js?_cfg=https%3A%2F%2Feliteesta3586back.builtwithrocket.new&_be=https%3A%2F%2Fapplication.rocket.new&_v=0.1.10:0
[    5191ms] [LOG] projects [Object, Object, Object, Object, Object] @ https://static.rocket.new/rocket-web.js?_cfg=https%3A%2F%2Feliteesta3586back.builtwithrocket.new&_be=https%3A%2F%2Fapplication.rocket.new&_v=0.1.10:0
[   60015ms] [INFO] %cDownload the React DevTools for a better development experience: https://reactjs.org/link/react-devtools font-weight:bold @ https://static.rocket.new/rocket-web.js?_cfg=https%3A%2F%2Feliteesta3586back.builtwithrocket.new&_be=https%3A%2F%2Fapplication.rocket.new&_v=0.1.10:0
[   60051ms] [ERROR] Access to fetch at 'https://application.rocket.new/preview/v1/track' from origin 'https://srievaareestates.com' has been blocked by CORS policy: Response to preflight request doesn't pass access control check: No 'Access-Control-Allow-Origin' header is present on the requested resource. @ https://srievaareestates.com/property-detail/PP-231225-4ZXK:0
[   60051ms] [ERROR] Failed to load resource: net::ERR_FAILED @ https://application.rocket.new/preview/v1/track:0
[   60249ms] [LOG] projects [] @ https://static.rocket.new/rocket-web.js?_cfg=https%3A%2F%2Feliteesta3586back.builtwithrocket.new&_be=https%3A%2F%2Fapplication.rocket.new&_v=0.1.10:0
[   60250ms] [LOG] projects [] @ https://static.rocket.new/rocket-web.js?_cfg=https%3A%2F%2Feliteesta3586back.builtwithrocket.new&_be=https%3A%2F%2Fapplication.rocket.new&_v=0.1.10:0
[   60260ms] [LOG] section {_id: 694a056e8b33a4c906c2878a, propertyCode: PP-231225-4ZXK, maintitle: Sree Vaaragi Residency – BI City, Minjur, subtitle: Premium Residential Plots in a Rapidly Developing Location , description1: Sree Vaaragi Residency – BI City is a DTCP approve…compact home buyers and long-term land investors.} @ https://static.rocket.new/rocket-web.js?_cfg=https%3A%2F%2Feliteesta3586back.builtwithrocket.new&_be=https%3A%2F%2Fapplication.rocket.new&_v=0.1.10:0
[   60261ms] [LOG] section {_id: 694a056e8b33a4c906c2878a, propertyCode: PP-231225-4ZXK, maintitle: Sree Vaaragi Residency – BI City, Minjur, subtitle: Premium Residential Plots in a Rapidly Developing Location , description1: Sree Vaaragi Residency – BI City is a DTCP approve…compact home buyers and long-term land investors.} @ https://static.rocket.new/rocket-web.js?_cfg=https%3A%2F%2Feliteesta3586back.builtwithrocket.new&_be=https%3A%2F%2Fapplication.rocket.new&_v=0.1.10:0
[   60300ms] [LOG] projects [] @ https://static.rocket.new/rocket-web.js?_cfg=https%3A%2F%2Feliteesta3586back.builtwithrocket.new&_be=https%3A%2F%2Fapplication.rocket.new&_v=0.1.10:0
[   60300ms] [LOG] projects [] @ https://static.rocket.new/rocket-web.js?_cfg=https%3A%2F%2Feliteesta3586back.builtwithrocket.new&_be=https%3A%2F%2Fapplication.rocket.new&_v=0.1.10:0
[   60303ms] [LOG] section {_id: 694a056e8b33a4c906c2878a, propertyCode: PP-231225-4ZXK, maintitle: Sree Vaaragi Residency – BI City, Minjur, subtitle: Premium Residential Plots in a Rapidly Developing Location , description1: Sree Vaaragi Residency – BI City is a DTCP approve…compact home buyers and long-term land investors.} @ https://static.rocket.new/rocket-web.js?_cfg=https%3A%2F%2Feliteesta3586back.builtwithrocket.new&_be=https%3A%2F%2Fapplication.rocket.new&_v=0.1.10:0
[   60303ms] [LOG] section {_id: 694a056e8b33a4c906c2878a, propertyCode: PP-231225-4ZXK, maintitle: Sree Vaaragi Residency – BI City, Minjur, subtitle: Premium Residential Plots in a Rapidly Developing Location , description1: Sree Vaaragi Residency – BI City is a DTCP approve…compact home buyers and long-term land investors.} @ https://static.rocket.new/rocket-web.js?_cfg=https%3A%2F%2Feliteesta3586back.builtwithrocket.new&_be=https%3A%2F%2Fapplication.rocket.new&_v=0.1.10:0
[   60355ms] [LOG] datadata [Object, Object, Object, Object, Object] @ https://static.rocket.new/rocket-web.js?_cfg=https%3A%2F%2Feliteesta3586back.builtwithrocket.new&_be=https%3A%2F%2Fapplication.rocket.new&_v=0.1.10:0
[   60356ms] [LOG] projects [Object, Object, Object, Object, Object] @ https://static.rocket.new/rocket-web.js?_cfg=https%3A%2F%2Feliteesta3586back.builtwithrocket.new&_be=https%3A%2F%2Fapplication.rocket.new&_v=0.1.10:0
[   60356ms] [LOG] projects [Object, Object, Object, Object, Object] @ https://static.rocket.new/rocket-web.js?_cfg=https%3A%2F%2Feliteesta3586back.builtwithrocket.new&_be=https%3A%2F%2Fapplication.rocket.new&_v=0.1.10:0
[   60387ms] [LOG] datadata [Object, Object, Object, Object, Object] @ https://static.rocket.new/rocket-web.js?_cfg=https%3A%2F%2Feliteesta3586back.builtwithrocket.new&_be=https%3A%2F%2Fapplication.rocket.new&_v=0.1.10:0
[   60387ms] [LOG] projects [Object, Object, Object, Object, Object] @ https://static.rocket.new/rocket-web.js?_cfg=https%3A%2F%2Feliteesta3586back.builtwithrocket.new&_be=https%3A%2F%2Fapplication.rocket.new&_v=0.1.10:0
[   60388ms] [LOG] projects [Object, Object, Object, Object, Object] @ https://static.rocket.new/rocket-web.js?_cfg=https%3A%2F%2Feliteesta3586back.builtwithrocket.new&_be=https%3A%2F%2Fapplication.rocket.new&_v=0.1.10:0
[   63251ms] [INFO] %cDownload the React DevTools for a better development experience: https://reactjs.org/link/react-devtools font-weight:bold @ https://static.rocket.new/rocket-web.js?_cfg=https%3A%2F%2Feliteesta3586back.builtwithrocket.new&_be=https%3A%2F%2Fapplication.rocket.new&_v=0.1.10:0
[   63290ms] [ERROR] Access to fetch at 'https://application.rocket.new/preview/v1/track' from origin 'https://srievaareestates.com' has been blocked by CORS policy: Response to preflight request doesn't pass access control check: No 'Access-Control-Allow-Origin' header is present on the requested resource. @ https://srievaareestates.com/property-detail/PP-231225-KMND:0
[   63290ms] [ERROR] Failed to load resource: net::ERR_FAILED @ https://application.rocket.new/preview/v1/track:0
[   63290ms] [ERROR] Access to fetch at 'https://application.rocket.new/preview/v1/track' from origin 'https://srievaareestates.com' has been blocked by CORS policy: Response to preflight request doesn't pass access control check: No 'Access-Control-Allow-Origin' header is present on the requested resource. @ https://srievaareestates.com/property-detail/PP-231225-KMND:0
[   63290ms] [ERROR] Failed to load resource: net::ERR_FAILED @ https://application.rocket.new/preview/v1/track:0
[   63477ms] [LOG] projects [] @ https://static.rocket.new/rocket-web.js?_cfg=https%3A%2F%2Feliteesta3586back.builtwithrocket.new&_be=https%3A%2F%2Fapplication.rocket.new&_v=0.1.10:0
[   63477ms] [LOG] projects [] @ https://static.rocket.new/rocket-web.js?_cfg=https%3A%2F%2Feliteesta3586back.builtwithrocket.new&_be=https%3A%2F%2Fapplication.rocket.new&_v=0.1.10:0
[   63484ms] [LOG] section {_id: 694a37108b33a4c906c28916, propertyCode: PP-231225-KMND, maintitle: Loketha Lakshmi Nagar – Phase I & Phase II, Ponneri, subtitle: RERA Approved Residential Plots in a High-Demand Location , description1: Loketha Lakshmi Nagar – Phase II is a RERA & CMDA …able for both end users and long-term investors. } @ https://static.rocket.new/rocket-web.js?_cfg=https%3A%2F%2Feliteesta3586back.builtwithrocket.new&_be=https%3A%2F%2Fapplication.rocket.new&_v=0.1.10:0
[   63484ms] [LOG] section {_id: 694a37108b33a4c906c28916, propertyCode: PP-231225-KMND, maintitle: Loketha Lakshmi Nagar – Phase I & Phase II, Ponneri, subtitle: RERA Approved Residential Plots in a High-Demand Location , description1: Loketha Lakshmi Nagar – Phase II is a RERA & CMDA …able for both end users and long-term investors. } @ https://static.rocket.new/rocket-web.js?_cfg=https%3A%2F%2Feliteesta3586back.builtwithrocket.new&_be=https%3A%2F%2Fapplication.rocket.new&_v=0.1.10:0
[   63530ms] [LOG] projects [] @ https://static.rocket.new/rocket-web.js?_cfg=https%3A%2F%2Feliteesta3586back.builtwithrocket.new&_be=https%3A%2F%2Fapplication.rocket.new&_v=0.1.10:0
[   63531ms] [LOG] projects [] @ https://static.rocket.new/rocket-web.js?_cfg=https%3A%2F%2Feliteesta3586back.builtwithrocket.new&_be=https%3A%2F%2Fapplication.rocket.new&_v=0.1.10:0
[   63533ms] [LOG] section {_id: 694a37108b33a4c906c28916, propertyCode: PP-231225-KMND, maintitle: Loketha Lakshmi Nagar – Phase I & Phase II, Ponneri, subtitle: RERA Approved Residential Plots in a High-Demand Location , description1: Loketha Lakshmi Nagar – Phase II is a RERA & CMDA …able for both end users and long-term investors. } @ https://static.rocket.new/rocket-web.js?_cfg=https%3A%2F%2Feliteesta3586back.builtwithrocket.new&_be=https%3A%2F%2Fapplication.rocket.new&_v=0.1.10:0
[   63533ms] [LOG] section {_id: 694a37108b33a4c906c28916, propertyCode: PP-231225-KMND, maintitle: Loketha Lakshmi Nagar – Phase I & Phase II, Ponneri, subtitle: RERA Approved Residential Plots in a High-Demand Location , description1: Loketha Lakshmi Nagar – Phase II is a RERA & CMDA …able for both end users and long-term investors. } @ https://static.rocket.new/rocket-web.js?_cfg=https%3A%2F%2Feliteesta3586back.builtwithrocket.new&_be=https%3A%2F%2Fapplication.rocket.new&_v=0.1.10:0
[   63583ms] [LOG] datadata [Object, Object, Object, Object, Object] @ https://static.rocket.new/rocket-web.js?_cfg=https%3A%2F%2Feliteesta3586back.builtwithrocket.new&_be=https%3A%2F%2Fapplication.rocket.new&_v=0.1.10:0
[   63584ms] [LOG] projects [Object, Object, Object, Object, Object] @ https://static.rocket.new/rocket-web.js?_cfg=https%3A%2F%2Feliteesta3586back.builtwithrocket.new&_be=https%3A%2F%2Fapplication.rocket.new&_v=0.1.10:0
[   63585ms] [LOG] projects [Object, Object, Object, Object, Object] @ https://static.rocket.new/rocket-web.js?_cfg=https%3A%2F%2Feliteesta3586back.builtwithrocket.new&_be=https%3A%2F%2Fapplication.rocket.new&_v=0.1.10:0
[   63613ms] [LOG] datadata [Object, Object, Object, Object, Object] @ https://static.rocket.new/rocket-web.js?_cfg=https%3A%2F%2Feliteesta3586back.builtwithrocket.new&_be=https%3A%2F%2Fapplication.rocket.new&_v=0.1.10:0
[   63614ms] [LOG] projects [Object, Object, Object, Object, Object] @ https://static.rocket.new/rocket-web.js?_cfg=https%3A%2F%2Feliteesta3586back.builtwithrocket.new&_be=https%3A%2F%2Fapplication.rocket.new&_v=0.1.10:0
[   63614ms] [LOG] projects [Object, Object, Object, Object, Object] @ https://static.rocket.new/rocket-web.js?_cfg=https%3A%2F%2Feliteesta3586back.builtwithrocket.new&_be=https%3A%2F%2Fapplication.rocket.new&_v=0.1.10:0
[   66263ms] [INFO] %cDownload the React DevTools for a better development experience: https://reactjs.org/link/react-devtools font-weight:bold @ https://static.rocket.new/rocket-web.js?_cfg=https%3A%2F%2Feliteesta3586back.builtwithrocket.new&_be=https%3A%2F%2Fapplication.rocket.new&_v=0.1.10:0
[   66298ms] [ERROR] Access to fetch at 'https://application.rocket.new/preview/v1/track' from origin 'https://srievaareestates.com' has been blocked by CORS policy: Response to preflight request doesn't pass access control check: No 'Access-Control-Allow-Origin' header is present on the requested resource. @ https://srievaareestates.com/property-detail/PP-301225-1BS6:0
[   66298ms] [ERROR] Failed to load resource: net::ERR_FAILED @ https://application.rocket.new/preview/v1/track:0
[   66302ms] [ERROR] Access to fetch at 'https://application.rocket.new/preview/v1/track' from origin 'https://srievaareestates.com' has been blocked by CORS policy: Response to preflight request doesn't pass access control check: No 'Access-Control-Allow-Origin' header is present on the requested resource. @ https://srievaareestates.com/property-detail/PP-301225-1BS6:0
[   66302ms] [ERROR] Failed to load resource: net::ERR_FAILED @ https://application.rocket.new/preview/v1/track:0
[   66487ms] [LOG] projects [] @ https://static.rocket.new/rocket-web.js?_cfg=https%3A%2F%2Feliteesta3586back.builtwithrocket.new&_be=https%3A%2F%2Fapplication.rocket.new&_v=0.1.10:0
[   66488ms] [LOG] projects [] @ https://static.rocket.new/rocket-web.js?_cfg=https%3A%2F%2Feliteesta3586back.builtwithrocket.new&_be=https%3A%2F%2Fapplication.rocket.new&_v=0.1.10:0
[   66496ms] [LOG] section {_id: 6953848197b70bf232a8e145, propertyCode: PP-301225-1BS6, maintitle: Srii Balaji avenue - Tiruvallur BI CITY, subtitle: Well-Planned Residential Plots in a Rapidly Developing Location, description1: Srii Balaaji Avenue – BI City is a DTCP-approved r…izes suitable for home buyers and land investors.} @ https://static.rocket.new/rocket-web.js?_cfg=https%3A%2F%2Feliteesta3586back.builtwithrocket.new&_be=https%3A%2F%2Fapplication.rocket.new&_v=0.1.10:0
[   66496ms] [LOG] section {_id: 6953848197b70bf232a8e145, propertyCode: PP-301225-1BS6, maintitle: Srii Balaji avenue - Tiruvallur BI CITY, subtitle: Well-Planned Residential Plots in a Rapidly Developing Location, description1: Srii Balaaji Avenue – BI City is a DTCP-approved r…izes suitable for home buyers and land investors.} @ https://static.rocket.new/rocket-web.js?_cfg=https%3A%2F%2Feliteesta3586back.builtwithrocket.new&_be=https%3A%2F%2Fapplication.rocket.new&_v=0.1.10:0
[   66555ms] [LOG] projects [] @ https://static.rocket.new/rocket-web.js?_cfg=https%3A%2F%2Feliteesta3586back.builtwithrocket.new&_be=https%3A%2F%2Fapplication.rocket.new&_v=0.1.10:0
[   66556ms] [LOG] projects [] @ https://static.rocket.new/rocket-web.js?_cfg=https%3A%2F%2Feliteesta3586back.builtwithrocket.new&_be=https%3A%2F%2Fapplication.rocket.new&_v=0.1.10:0
[   66558ms] [LOG] section {_id: 6953848197b70bf232a8e145, propertyCode: PP-301225-1BS6, maintitle: Srii Balaji avenue - Tiruvallur BI CITY, subtitle: Well-Planned Residential Plots in a Rapidly Developing Location, description1: Srii Balaaji Avenue – BI City is a DTCP-approved r…izes suitable for home buyers and land investors.} @ https://static.rocket.new/rocket-web.js?_cfg=https%3A%2F%2Feliteesta3586back.builtwithrocket.new&_be=https%3A%2F%2Fapplication.rocket.new&_v=0.1.10:0
[   66559ms] [LOG] section {_id: 6953848197b70bf232a8e145, propertyCode: PP-301225-1BS6, maintitle: Srii Balaji avenue - Tiruvallur BI CITY, subtitle: Well-Planned Residential Plots in a Rapidly Developing Location, description1: Srii Balaaji Avenue – BI City is a DTCP-approved r…izes suitable for home buyers and land investors.} @ https://static.rocket.new/rocket-web.js?_cfg=https%3A%2F%2Feliteesta3586back.builtwithrocket.new&_be=https%3A%2F%2Fapplication.rocket.new&_v=0.1.10:0
[   66622ms] [LOG] datadata [Object, Object, Object, Object, Object] @ https://static.rocket.new/rocket-web.js?_cfg=https%3A%2F%2Feliteesta3586back.builtwithrocket.new&_be=https%3A%2F%2Fapplication.rocket.new&_v=0.1.10:0
[   66623ms] [LOG] projects [Object, Object, Object, Object, Object] @ https://static.rocket.new/rocket-web.js?_cfg=https%3A%2F%2Feliteesta3586back.builtwithrocket.new&_be=https%3A%2F%2Fapplication.rocket.new&_v=0.1.10:0
[   66624ms] [LOG] projects [Object, Object, Object, Object, Object] @ https://static.rocket.new/rocket-web.js?_cfg=https%3A%2F%2Feliteesta3586back.builtwithrocket.new&_be=https%3A%2F%2Fapplication.rocket.new&_v=0.1.10:0
[   66636ms] [LOG] datadata [Object, Object, Object, Object, Object] @ https://static.rocket.new/rocket-web.js?_cfg=https%3A%2F%2Feliteesta3586back.builtwithrocket.new&_be=https%3A%2F%2Fapplication.rocket.new&_v=0.1.10:0
[   66637ms] [LOG] projects [Object, Object, Object, Object, Object] @ https://static.rocket.new/rocket-web.js?_cfg=https%3A%2F%2Feliteesta3586back.builtwithrocket.new&_be=https%3A%2F%2Fapplication.rocket.new&_v=0.1.10:0
[   66638ms] [LOG] projects [Object, Object, Object, Object, Object] @ https://static.rocket.new/rocket-web.js?_cfg=https%3A%2F%2Feliteesta3586back.builtwithrocket.new&_be=https%3A%2F%2Fapplication.rocket.new&_v=0.1.10:0
[   69269ms] [INFO] %cDownload the React DevTools for a better development experience: https://reactjs.org/link/react-devtools font-weight:bold @ https://static.rocket.new/rocket-web.js?_cfg=https%3A%2F%2Feliteesta3586back.builtwithrocket.new&_be=https%3A%2F%2Fapplication.rocket.new&_v=0.1.10:0
[   69303ms] [ERROR] Access to fetch at 'https://application.rocket.new/preview/v1/track' from origin 'https://srievaareestates.com' has been blocked by CORS policy: Response to preflight request doesn't pass access control check: No 'Access-Control-Allow-Origin' header is present on the requested resource. @ https://srievaareestates.com/property-detail/PP-171225-SIV6:0
[   69303ms] [ERROR] Failed to load resource: net::ERR_FAILED @ https://application.rocket.new/preview/v1/track:0
[   69308ms] [ERROR] Access to fetch at 'https://application.rocket.new/preview/v1/track' from origin 'https://srievaareestates.com' has been blocked by CORS policy: Response to preflight request doesn't pass access control check: No 'Access-Control-Allow-Origin' header is present on the requested resource. @ https://srievaareestates.com/property-detail/PP-171225-SIV6:0
[   69308ms] [ERROR] Failed to load resource: net::ERR_FAILED @ https://application.rocket.new/preview/v1/track:0
[   69489ms] [LOG] projects [] @ https://static.rocket.new/rocket-web.js?_cfg=https%3A%2F%2Feliteesta3586back.builtwithrocket.new&_be=https%3A%2F%2Fapplication.rocket.new&_v=0.1.10:0
[   69489ms] [LOG] projects [] @ https://static.rocket.new/rocket-web.js?_cfg=https%3A%2F%2Feliteesta3586back.builtwithrocket.new&_be=https%3A%2F%2Fapplication.rocket.new&_v=0.1.10:0
[   69494ms] [LOG] section {_id: 69429d70543961de286b2559, propertyCode: PP-171225-SIV6, maintitle: SrieVaare Aishwariyam Township, subtitle: Thoughtfully Designed Plots in a Prime Growth Location , description1: Srie Vaare Aishwariyam Township is a CMDA & RERA a…ity for different lifestyle and investment needs.} @ https://static.rocket.new/rocket-web.js?_cfg=https%3A%2F%2Feliteesta3586back.builtwithrocket.new&_be=https%3A%2F%2Fapplication.rocket.new&_v=0.1.10:0
[   69494ms] [LOG] section {_id: 69429d70543961de286b2559, propertyCode: PP-171225-SIV6, maintitle: SrieVaare Aishwariyam Township, subtitle: Thoughtfully Designed Plots in a Prime Growth Location , description1: Srie Vaare Aishwariyam Township is a CMDA & RERA a…ity for different lifestyle and investment needs.} @ https://static.rocket.new/rocket-web.js?_cfg=https%3A%2F%2Feliteesta3586back.builtwithrocket.new&_be=https%3A%2F%2Fapplication.rocket.new&_v=0.1.10:0
[   69535ms] [LOG] projects [] @ https://static.rocket.new/rocket-web.js?_cfg=https%3A%2F%2Feliteesta3586back.builtwithrocket.new&_be=https%3A%2F%2Fapplication.rocket.new&_v=0.1.10:0
[   69535ms] [LOG] projects [] @ https://static.rocket.new/rocket-web.js?_cfg=https%3A%2F%2Feliteesta3586back.builtwithrocket.new&_be=https%3A%2F%2Fapplication.rocket.new&_v=0.1.10:0
[   69538ms] [LOG] section {_id: 69429d70543961de286b2559, propertyCode: PP-171225-SIV6, maintitle: SrieVaare Aishwariyam Township, subtitle: Thoughtfully Designed Plots in a Prime Growth Location , description1: Srie Vaare Aishwariyam Township is a CMDA & RERA a…ity for different lifestyle and investment needs.} @ https://static.rocket.new/rocket-web.js?_cfg=https%3A%2F%2Feliteesta3586back.builtwithrocket.new&_be=https%3A%2F%2Fapplication.rocket.new&_v=0.1.10:0
[   69538ms] [LOG] section {_id: 69429d70543961de286b2559, propertyCode: PP-171225-SIV6, maintitle: SrieVaare Aishwariyam Township, subtitle: Thoughtfully Designed Plots in a Prime Growth Location , description1: Srie Vaare Aishwariyam Township is a CMDA & RERA a…ity for different lifestyle and investment needs.} @ https://static.rocket.new/rocket-web.js?_cfg=https%3A%2F%2Feliteesta3586back.builtwithrocket.new&_be=https%3A%2F%2Fapplication.rocket.new&_v=0.1.10:0
[   69588ms] [LOG] datadata [Object, Object, Object, Object, Object] @ https://static.rocket.new/rocket-web.js?_cfg=https%3A%2F%2Feliteesta3586back.builtwithrocket.new&_be=https%3A%2F%2Fapplication.rocket.new&_v=0.1.10:0
[   69589ms] [LOG] projects [Object, Object, Object, Object, Object] @ https://static.rocket.new/rocket-web.js?_cfg=https%3A%2F%2Feliteesta3586back.builtwithrocket.new&_be=https%3A%2F%2Fapplication.rocket.new&_v=0.1.10:0
[   69589ms] [LOG] projects [Object, Object, Object, Object, Object] @ https://static.rocket.new/rocket-web.js?_cfg=https%3A%2F%2Feliteesta3586back.builtwithrocket.new&_be=https%3A%2F%2Fapplication.rocket.new&_v=0.1.10:0
[   69618ms] [LOG] datadata [Object, Object, Object, Object, Object] @ https://static.rocket.new/rocket-web.js?_cfg=https%3A%2F%2Feliteesta3586back.builtwithrocket.new&_be=https%3A%2F%2Fapplication.rocket.new&_v=0.1.10:0
[   69618ms] [LOG] projects [Object, Object, Object, Object, Object] @ https://static.rocket.new/rocket-web.js?_cfg=https%3A%2F%2Feliteesta3586back.builtwithrocket.new&_be=https%3A%2F%2Fapplication.rocket.new&_v=0.1.10:0
[   69619ms] [LOG] projects [Object, Object, Object, Object, Object] @ https://static.rocket.new/rocket-web.js?_cfg=https%3A%2F%2Feliteesta3586back.builtwithrocket.new&_be=https%3A%2F%2Fapplication.rocket.new&_v=0.1.10:0
[   72274ms] [INFO] %cDownload the React DevTools for a better development experience: https://reactjs.org/link/react-devtools font-weight:bold @ https://static.rocket.new/rocket-web.js?_cfg=https%3A%2F%2Feliteesta3586back.builtwithrocket.new&_be=https%3A%2F%2Fapplication.rocket.new&_v=0.1.10:0
[   72309ms] [ERROR] Access to fetch at 'https://application.rocket.new/preview/v1/track' from origin 'https://srievaareestates.com' has been blocked by CORS policy: Response to preflight request doesn't pass access control check: No 'Access-Control-Allow-Origin' header is present on the requested resource. @ https://srievaareestates.com/property-detail/PP-200426-SVQ6:0
[   72309ms] [ERROR] Failed to load resource: net::ERR_FAILED @ https://application.rocket.new/preview/v1/track:0
[   72314ms] [ERROR] Access to fetch at 'https://application.rocket.new/preview/v1/track' from origin 'https://srievaareestates.com' has been blocked by CORS policy: Response to preflight request doesn't pass access control check: No 'Access-Control-Allow-Origin' header is present on the requested resource. @ https://srievaareestates.com/property-detail/PP-200426-SVQ6:0
[   72314ms] [ERROR] Failed to load resource: net::ERR_FAILED @ https://application.rocket.new/preview/v1/track:0
[   72493ms] [LOG] projects [] @ https://static.rocket.new/rocket-web.js?_cfg=https%3A%2F%2Feliteesta3586back.builtwithrocket.new&_be=https%3A%2F%2Fapplication.rocket.new&_v=0.1.10:0
[   72493ms] [LOG] projects [] @ https://static.rocket.new/rocket-web.js?_cfg=https%3A%2F%2Feliteesta3586back.builtwithrocket.new&_be=https%3A%2F%2Fapplication.rocket.new&_v=0.1.10:0
[   72498ms] [LOG] section {_id: 69e61422a34fa3ace6cc6168, propertyCode: PP-200426-SVQ6, maintitle: BI City Beach Resort Plots – Ponneri , subtitle: Resort-Style Living with Strong Investment Potential , description1: BI City Beach Resort Plots is a premium plotted de…for both residential living and smart investment.} @ https://static.rocket.new/rocket-web.js?_cfg=https%3A%2F%2Feliteesta3586back.builtwithrocket.new&_be=https%3A%2F%2Fapplication.rocket.new&_v=0.1.10:0
[   72498ms] [LOG] section {_id: 69e61422a34fa3ace6cc6168, propertyCode: PP-200426-SVQ6, maintitle: BI City Beach Resort Plots – Ponneri , subtitle: Resort-Style Living with Strong Investment Potential , description1: BI City Beach Resort Plots is a premium plotted de…for both residential living and smart investment.} @ https://static.rocket.new/rocket-web.js?_cfg=https%3A%2F%2Feliteesta3586back.builtwithrocket.new&_be=https%3A%2F%2Fapplication.rocket.new&_v=0.1.10:0
[   72531ms] [LOG] projects [] @ https://static.rocket.new/rocket-web.js?_cfg=https%3A%2F%2Feliteesta3586back.builtwithrocket.new&_be=https%3A%2F%2Fapplication.rocket.new&_v=0.1.10:0
[   72532ms] [LOG] projects [] @ https://static.rocket.new/rocket-web.js?_cfg=https%3A%2F%2Feliteesta3586back.builtwithrocket.new&_be=https%3A%2F%2Fapplication.rocket.new&_v=0.1.10:0
[   72559ms] [LOG] projects [] @ https://static.rocket.new/rocket-web.js?_cfg=https%3A%2F%2Feliteesta3586back.builtwithrocket.new&_be=https%3A%2F%2Fapplication.rocket.new&_v=0.1.10:0
[   72559ms] [LOG] projects [] @ https://static.rocket.new/rocket-web.js?_cfg=https%3A%2F%2Feliteesta3586back.builtwithrocket.new&_be=https%3A%2F%2Fapplication.rocket.new&_v=0.1.10:0
[   72561ms] [LOG] section {_id: 69e61422a34fa3ace6cc6168, propertyCode: PP-200426-SVQ6, maintitle: BI City Beach Resort Plots – Ponneri , subtitle: Resort-Style Living with Strong Investment Potential , description1: BI City Beach Resort Plots is a premium plotted de…for both residential living and smart investment.} @ https://static.rocket.new/rocket-web.js?_cfg=https%3A%2F%2Feliteesta3586back.builtwithrocket.new&_be=https%3A%2F%2Fapplication.rocket.new&_v=0.1.10:0
[   72561ms] [LOG] section {_id: 69e61422a34fa3ace6cc6168, propertyCode: PP-200426-SVQ6, maintitle: BI City Beach Resort Plots – Ponneri , subtitle: Resort-Style Living with Strong Investment Potential , description1: BI City Beach Resort Plots is a premium plotted de…for both residential living and smart investment.} @ https://static.rocket.new/rocket-web.js?_cfg=https%3A%2F%2Feliteesta3586back.builtwithrocket.new&_be=https%3A%2F%2Fapplication.rocket.new&_v=0.1.10:0
[   72584ms] [LOG] datadata [Object, Object, Object, Object, Object] @ https://static.rocket.new/rocket-web.js?_cfg=https%3A%2F%2Feliteesta3586back.builtwithrocket.new&_be=https%3A%2F%2Fapplication.rocket.new&_v=0.1.10:0
[   72587ms] [LOG] projects [Object, Object, Object, Object, Object] @ https://static.rocket.new/rocket-web.js?_cfg=https%3A%2F%2Feliteesta3586back.builtwithrocket.new&_be=https%3A%2F%2Fapplication.rocket.new&_v=0.1.10:0
[   72587ms] [LOG] projects [Object, Object, Object, Object, Object] @ https://static.rocket.new/rocket-web.js?_cfg=https%3A%2F%2Feliteesta3586back.builtwithrocket.new&_be=https%3A%2F%2Fapplication.rocket.new&_v=0.1.10:0
[   72607ms] [LOG] datadata [Object, Object, Object, Object, Object] @ https://static.rocket.new/rocket-web.js?_cfg=https%3A%2F%2Feliteesta3586back.builtwithrocket.new&_be=https%3A%2F%2Fapplication.rocket.new&_v=0.1.10:0
[   72608ms] [LOG] projects [Object, Object, Object, Object, Object] @ https://static.rocket.new/rocket-web.js?_cfg=https%3A%2F%2Feliteesta3586back.builtwithrocket.new&_be=https%3A%2F%2Fapplication.rocket.new&_v=0.1.10:0
[   72608ms] [LOG] projects [Object, Object, Object, Object, Object] @ https://static.rocket.new/rocket-web.js?_cfg=https%3A%2F%2Feliteesta3586back.builtwithrocket.new&_be=https%3A%2F%2Fapplication.rocket.new&_v=0.1.10:0
